{"/Users/arveanlabib/Documents/NightVibes/NightVibesUI/src/AuthContext.js": {"path":"/Users/arveanlabib/Documents/NightVibes/NightVibesUI/src/AuthContext.js","statementMap":{"0":{"start":{"line":6,"column":27},"end":{"line":6,"column":42}},"1":{"start":{"line":8,"column":28},"end":{"line":224,"column":1}},"2":{"start":{"line":9,"column":36},"end":{"line":9,"column":50}},"3":{"start":{"line":10,"column":36},"end":{"line":10,"column":50}},"4":{"start":{"line":11,"column":34},"end":{"line":11,"column":48}},"5":{"start":{"line":12,"column":28},"end":{"line":12,"column":42}},"6":{"start":{"line":15,"column":2},"end":{"line":58,"column":9}},"7":{"start":{"line":16,"column":35},"end":{"line":55,"column":5}},"8":{"start":{"line":17,"column":6},"end":{"line":54,"column":8}},"9":{"start":{"line":18,"column":22},"end":{"line":18,"column":30}},"10":{"start":{"line":20,"column":34},"end":{"line":20,"column":46}},"11":{"start":{"line":23,"column":10},"end":{"line":25,"column":11}},"12":{"start":{"line":24,"column":12},"end":{"line":24,"column":41}},"13":{"start":{"line":27,"column":10},"end":{"line":27,"column":40}},"14":{"start":{"line":29,"column":10},"end":{"line":52,"column":11}},"15":{"start":{"line":30,"column":33},"end":{"line":30,"column":76}},"16":{"start":{"line":31,"column":12},"end":{"line":33,"column":13}},"17":{"start":{"line":32,"column":14},"end":{"line":32,"column":60}},"18":{"start":{"line":35,"column":29},"end":{"line":37,"column":14}},"19":{"start":{"line":39,"column":31},"end":{"line":39,"column":44}},"20":{"start":{"line":42,"column":12},"end":{"line":42,"column":63}},"21":{"start":{"line":43,"column":12},"end":{"line":43,"column":33}},"22":{"start":{"line":46,"column":12},"end":{"line":46,"column":74}},"23":{"start":{"line":47,"column":12},"end":{"line":47,"column":40}},"24":{"start":{"line":50,"column":12},"end":{"line":50,"column":27}},"25":{"start":{"line":51,"column":12},"end":{"line":51,"column":48}},"26":{"start":{"line":57,"column":4},"end":{"line":57,"column":29}},"27":{"start":{"line":60,"column":19},"end":{"line":81,"column":3}},"28":{"start":{"line":61,"column":4},"end":{"line":80,"column":5}},"29":{"start":{"line":62,"column":6},"end":{"line":62,"column":25}},"30":{"start":{"line":63,"column":6},"end":{"line":63,"column":21}},"31":{"start":{"line":65,"column":23},"end":{"line":69,"column":8}},"32":{"start":{"line":72,"column":6},"end":{"line":72,"column":38}},"33":{"start":{"line":74,"column":6},"end":{"line":74,"column":27}},"34":{"start":{"line":76,"column":6},"end":{"line":76,"column":69}},"35":{"start":{"line":77,"column":6},"end":{"line":77,"column":16}},"36":{"start":{"line":79,"column":6},"end":{"line":79,"column":26}},"37":{"start":{"line":83,"column":16},"end":{"line":124,"column":3}},"38":{"start":{"line":84,"column":4},"end":{"line":123,"column":5}},"39":{"start":{"line":85,"column":6},"end":{"line":85,"column":25}},"40":{"start":{"line":86,"column":6},"end":{"line":86,"column":21}},"41":{"start":{"line":88,"column":23},"end":{"line":91,"column":8}},"42":{"start":{"line":93,"column":34},"end":{"line":93,"column":47}},"43":{"start":{"line":96,"column":27},"end":{"line":96,"column":44}},"44":{"start":{"line":97,"column":23},"end":{"line":101,"column":7}},"45":{"start":{"line":104,"column":6},"end":{"line":108,"column":9}},"46":{"start":{"line":111,"column":6},"end":{"line":111,"column":27}},"47":{"start":{"line":112,"column":6},"end":{"line":112,"column":28}},"48":{"start":{"line":115,"column":6},"end":{"line":115,"column":72}},"49":{"start":{"line":117,"column":6},"end":{"line":117,"column":27}},"50":{"start":{"line":119,"column":6},"end":{"line":119,"column":62}},"51":{"start":{"line":120,"column":6},"end":{"line":120,"column":16}},"52":{"start":{"line":122,"column":6},"end":{"line":122,"column":26}},"53":{"start":{"line":126,"column":17},"end":{"line":149,"column":3}},"54":{"start":{"line":127,"column":4},"end":{"line":148,"column":5}},"55":{"start":{"line":128,"column":6},"end":{"line":128,"column":25}},"56":{"start":{"line":131,"column":6},"end":{"line":135,"column":9}},"57":{"start":{"line":138,"column":6},"end":{"line":138,"column":25}},"58":{"start":{"line":139,"column":6},"end":{"line":139,"column":24}},"59":{"start":{"line":140,"column":6},"end":{"line":140,"column":21}},"60":{"start":{"line":143,"column":6},"end":{"line":143,"column":58}},"61":{"start":{"line":145,"column":6},"end":{"line":145,"column":42}},"62":{"start":{"line":147,"column":6},"end":{"line":147,"column":26}},"63":{"start":{"line":152,"column":23},"end":{"line":162,"column":3}},"64":{"start":{"line":153,"column":4},"end":{"line":153,"column":29}},"65":{"start":{"line":153,"column":16},"end":{"line":153,"column":29}},"66":{"start":{"line":155,"column":4},"end":{"line":161,"column":5}},"67":{"start":{"line":156,"column":27},"end":{"line":156,"column":43}},"68":{"start":{"line":157,"column":26},"end":{"line":157,"column":43}},"69":{"start":{"line":158,"column":6},"end":{"line":158,"column":44}},"70":{"start":{"line":160,"column":6},"end":{"line":160,"column":19}},"71":{"start":{"line":165,"column":2},"end":{"line":207,"column":9}},"72":{"start":{"line":166,"column":27},"end":{"line":204,"column":5}},"73":{"start":{"line":167,"column":6},"end":{"line":203,"column":7}},"74":{"start":{"line":168,"column":45},"end":{"line":171,"column":10}},"75":{"start":{"line":173,"column":8},"end":{"line":198,"column":9}},"76":{"start":{"line":174,"column":10},"end":{"line":174,"column":30}},"77":{"start":{"line":175,"column":10},"end":{"line":175,"column":75}},"78":{"start":{"line":177,"column":10},"end":{"line":179,"column":11}},"79":{"start":{"line":178,"column":12},"end":{"line":178,"column":49}},"80":{"start":{"line":182,"column":31},"end":{"line":182,"column":74}},"81":{"start":{"line":183,"column":10},"end":{"line":197,"column":11}},"82":{"start":{"line":184,"column":12},"end":{"line":196,"column":13}},"83":{"start":{"line":185,"column":31},"end":{"line":187,"column":16}},"84":{"start":{"line":189,"column":33},"end":{"line":189,"column":46}},"85":{"start":{"line":190,"column":14},"end":{"line":190,"column":65}},"86":{"start":{"line":191,"column":14},"end":{"line":191,"column":35}},"87":{"start":{"line":192,"column":14},"end":{"line":192,"column":80}},"88":{"start":{"line":195,"column":14},"end":{"line":195,"column":29}},"89":{"start":{"line":200,"column":8},"end":{"line":200,"column":57}},"90":{"start":{"line":202,"column":8},"end":{"line":202,"column":28}},"91":{"start":{"line":206,"column":4},"end":{"line":206,"column":21}},"92":{"start":{"line":209,"column":2},"end":{"line":223,"column":4}}},"fnMap":{"0":{"name":"(anonymous_0)","decl":{"start":{"line":8,"column":28},"end":{"line":8,"column":29}},"loc":{"start":{"line":8,"column":46},"end":{"line":224,"column":1}},"line":8},"1":{"name":"(anonymous_1)","decl":{"start":{"line":15,"column":12},"end":{"line":15,"column":13}},"loc":{"start":{"line":15,"column":18},"end":{"line":58,"column":3}},"line":15},"2":{"name":"(anonymous_2)","decl":{"start":{"line":16,"column":35},"end":{"line":16,"column":36}},"loc":{"start":{"line":16,"column":41},"end":{"line":55,"column":5}},"line":16},"3":{"name":"(anonymous_3)","decl":{"start":{"line":18,"column":8},"end":{"line":18,"column":9}},"loc":{"start":{"line":18,"column":22},"end":{"line":18,"column":30}},"line":18},"4":{"name":"(anonymous_4)","decl":{"start":{"line":19,"column":8},"end":{"line":19,"column":9}},"loc":{"start":{"line":19,"column":25},"end":{"line":53,"column":9}},"line":19},"5":{"name":"(anonymous_5)","decl":{"start":{"line":60,"column":19},"end":{"line":60,"column":20}},"loc":{"start":{"line":60,"column":56},"end":{"line":81,"column":3}},"line":60},"6":{"name":"(anonymous_6)","decl":{"start":{"line":83,"column":16},"end":{"line":83,"column":17}},"loc":{"start":{"line":83,"column":46},"end":{"line":124,"column":3}},"line":83},"7":{"name":"(anonymous_7)","decl":{"start":{"line":126,"column":17},"end":{"line":126,"column":18}},"loc":{"start":{"line":126,"column":29},"end":{"line":149,"column":3}},"line":126},"8":{"name":"(anonymous_8)","decl":{"start":{"line":152,"column":23},"end":{"line":152,"column":24}},"loc":{"start":{"line":152,"column":34},"end":{"line":162,"column":3}},"line":152},"9":{"name":"(anonymous_9)","decl":{"start":{"line":165,"column":12},"end":{"line":165,"column":13}},"loc":{"start":{"line":165,"column":18},"end":{"line":207,"column":3}},"line":165},"10":{"name":"(anonymous_10)","decl":{"start":{"line":166,"column":27},"end":{"line":166,"column":28}},"loc":{"start":{"line":166,"column":39},"end":{"line":204,"column":5}},"line":166}},"branchMap":{"0":{"loc":{"start":{"line":23,"column":10},"end":{"line":25,"column":11}},"type":"if","locations":[{"start":{"line":23,"column":10},"end":{"line":25,"column":11}},{"start":{},"end":{}}],"line":23},"1":{"loc":{"start":{"line":23,"column":14},"end":{"line":23,"column":70}},"type":"binary-expr","locations":[{"start":{"line":23,"column":14},"end":{"line":23,"column":44}},{"start":{"line":23,"column":48},"end":{"line":23,"column":70}}],"line":23},"2":{"loc":{"start":{"line":31,"column":12},"end":{"line":33,"column":13}},"type":"if","locations":[{"start":{"line":31,"column":12},"end":{"line":33,"column":13}},{"start":{},"end":{}}],"line":31},"3":{"loc":{"start":{"line":76,"column":15},"end":{"line":76,"column":67}},"type":"binary-expr","locations":[{"start":{"line":76,"column":15},"end":{"line":76,"column":42}},{"start":{"line":76,"column":46},"end":{"line":76,"column":67}}],"line":76},"4":{"loc":{"start":{"line":119,"column":15},"end":{"line":119,"column":60}},"type":"binary-expr","locations":[{"start":{"line":119,"column":15},"end":{"line":119,"column":42}},{"start":{"line":119,"column":46},"end":{"line":119,"column":60}}],"line":119},"5":{"loc":{"start":{"line":153,"column":4},"end":{"line":153,"column":29}},"type":"if","locations":[{"start":{"line":153,"column":4},"end":{"line":153,"column":29}},{"start":{},"end":{}}],"line":153},"6":{"loc":{"start":{"line":173,"column":8},"end":{"line":198,"column":9}},"type":"if","locations":[{"start":{"line":173,"column":8},"end":{"line":198,"column":9}},{"start":{"line":180,"column":15},"end":{"line":198,"column":9}}],"line":173},"7":{"loc":{"start":{"line":173,"column":12},"end":{"line":173,"column":40}},"type":"binary-expr","locations":[{"start":{"line":173,"column":12},"end":{"line":173,"column":17}},{"start":{"line":173,"column":21},"end":{"line":173,"column":40}}],"line":173},"8":{"loc":{"start":{"line":177,"column":10},"end":{"line":179,"column":11}},"type":"if","locations":[{"start":{"line":177,"column":10},"end":{"line":179,"column":11}},{"start":{},"end":{}}],"line":177},"9":{"loc":{"start":{"line":183,"column":10},"end":{"line":197,"column":11}},"type":"if","locations":[{"start":{"line":183,"column":10},"end":{"line":197,"column":11}},{"start":{},"end":{}}],"line":183}},"s":{"0":0,"1":0,"2":0,"3":0,"4":0,"5":0,"6":0,"7":0,"8":0,"9":0,"10":0,"11":0,"12":0,"13":0,"14":0,"15":0,"16":0,"17":0,"18":0,"19":0,"20":0,"21":0,"22":0,"23":0,"24":0,"25":0,"26":0,"27":0,"28":0,"29":0,"30":0,"31":0,"32":0,"33":0,"34":0,"35":0,"36":0,"37":0,"38":0,"39":0,"40":0,"41":0,"42":0,"43":0,"44":0,"45":0,"46":0,"47":0,"48":0,"49":0,"50":0,"51":0,"52":0,"53":0,"54":0,"55":0,"56":0,"57":0,"58":0,"59":0,"60":0,"61":0,"62":0,"63":0,"64":0,"65":0,"66":0,"67":0,"68":0,"69":0,"70":0,"71":0,"72":0,"73":0,"74":0,"75":0,"76":0,"77":0,"78":0,"79":0,"80":0,"81":0,"82":0,"83":0,"84":0,"85":0,"86":0,"87":0,"88":0,"89":0,"90":0,"91":0,"92":0},"f":{"0":0,"1":0,"2":0,"3":0,"4":0,"5":0,"6":0,"7":0,"8":0,"9":0,"10":0},"b":{"0":[0,0],"1":[0,0],"2":[0,0],"3":[0,0],"4":[0,0],"5":[0,0],"6":[0,0],"7":[0,0],"8":[0,0],"9":[0,0]}}
,"/Users/arveanlabib/Documents/NightVibes/NightVibesUI/src/AuthNavigator.js": {"path":"/Users/arveanlabib/Documents/NightVibes/NightVibesUI/src/AuthNavigator.js","statementMap":{"0":{"start":{"line":11,"column":14},"end":{"line":11,"column":36}},"1":{"start":{"line":13,"column":22},"end":{"line":34,"column":1}},"2":{"start":{"line":37,"column":24},"end":{"line":37,"column":47}},"3":{"start":{"line":39,"column":2},"end":{"line":41,"column":3}},"4":{"start":{"line":40,"column":4},"end":{"line":40,"column":29}},"5":{"start":{"line":43,"column":2},"end":{"line":78,"column":4}}},"fnMap":{"0":{"name":"AuthNavigator","decl":{"start":{"line":36,"column":24},"end":{"line":36,"column":37}},"loc":{"start":{"line":36,"column":40},"end":{"line":79,"column":1}},"line":36}},"branchMap":{"0":{"loc":{"start":{"line":39,"column":2},"end":{"line":41,"column":3}},"type":"if","locations":[{"start":{"line":39,"column":2},"end":{"line":41,"column":3}},{"start":{},"end":{}}],"line":39}},"s":{"0":0,"1":0,"2":0,"3":0,"4":0,"5":0},"f":{"0":0},"b":{"0":[0,0]}}
,"/Users/arveanlabib/Documents/NightVibes/NightVibesUI/src/CheckInScreen.js": {"path":"/Users/arveanlabib/Documents/NightVibes/NightVibesUI/src/CheckInScreen.js","statementMap":{"0":{"start":{"line":8,"column":22},"end":{"line":118,"column":1}},"1":{"start":{"line":9,"column":29},"end":{"line":9,"column":39}},"2":{"start":{"line":10,"column":17},"end":{"line":10,"column":46}},"3":{"start":{"line":11,"column":16},"end":{"line":11,"column":26}},"4":{"start":{"line":12,"column":22},"end":{"line":12,"column":34}},"5":{"start":{"line":13,"column":21},"end":{"line":13,"column":36}},"6":{"start":{"line":15,"column":21},"end":{"line":15,"column":44}},"7":{"start":{"line":16,"column":36},"end":{"line":16,"column":48}},"8":{"start":{"line":17,"column":26},"end":{"line":17,"column":38}},"9":{"start":{"line":18,"column":38},"end":{"line":18,"column":56}},"10":{"start":{"line":19,"column":34},"end":{"line":19,"column":46}},"11":{"start":{"line":21,"column":2},"end":{"line":32,"column":16}},"12":{"start":{"line":22,"column":23},"end":{"line":30,"column":5}},"13":{"start":{"line":23,"column":6},"end":{"line":29,"column":7}},"14":{"start":{"line":24,"column":25},"end":{"line":24,"column":75}},"15":{"start":{"line":25,"column":8},"end":{"line":25,"column":41}},"16":{"start":{"line":27,"column":8},"end":{"line":27,"column":54}},"17":{"start":{"line":28,"column":8},"end":{"line":28,"column":63}},"18":{"start":{"line":31,"column":4},"end":{"line":31,"column":17}},"19":{"start":{"line":34,"column":24},"end":{"line":62,"column":3}},"20":{"start":{"line":35,"column":4},"end":{"line":38,"column":5}},"21":{"start":{"line":36,"column":8},"end":{"line":36,"column":67}},"22":{"start":{"line":37,"column":8},"end":{"line":37,"column":15}},"23":{"start":{"line":39,"column":4},"end":{"line":42,"column":5}},"24":{"start":{"line":40,"column":6},"end":{"line":40,"column":52}},"25":{"start":{"line":41,"column":6},"end":{"line":41,"column":13}},"26":{"start":{"line":43,"column":4},"end":{"line":61,"column":5}},"27":{"start":{"line":44,"column":23},"end":{"line":50,"column":8}},"28":{"start":{"line":52,"column":6},"end":{"line":57,"column":7}},"29":{"start":{"line":53,"column":8},"end":{"line":53,"column":59}},"30":{"start":{"line":54,"column":8},"end":{"line":54,"column":28}},"31":{"start":{"line":56,"column":8},"end":{"line":56,"column":70}},"32":{"start":{"line":59,"column":6},"end":{"line":59,"column":46}},"33":{"start":{"line":60,"column":6},"end":{"line":60,"column":68}},"34":{"start":{"line":64,"column":2},"end":{"line":117,"column":4}},"35":{"start":{"line":71,"column":12},"end":{"line":83,"column":31}},"36":{"start":{"line":77,"column":29},"end":{"line":77,"column":48}},"37":{"start":{"line":89,"column":12},"end":{"line":101,"column":31}},"38":{"start":{"line":95,"column":29},"end":{"line":95,"column":60}},"39":{"start":{"line":120,"column":18},"end":{"line":185,"column":2}},"40":{"start":{"line":120,"column":42},"end":{"line":185,"column":2}}},"fnMap":{"0":{"name":"(anonymous_0)","decl":{"start":{"line":8,"column":22},"end":{"line":8,"column":23}},"loc":{"start":{"line":8,"column":28},"end":{"line":118,"column":1}},"line":8},"1":{"name":"(anonymous_1)","decl":{"start":{"line":21,"column":12},"end":{"line":21,"column":13}},"loc":{"start":{"line":21,"column":18},"end":{"line":32,"column":3}},"line":21},"2":{"name":"(anonymous_2)","decl":{"start":{"line":22,"column":23},"end":{"line":22,"column":24}},"loc":{"start":{"line":22,"column":34},"end":{"line":30,"column":5}},"line":22},"3":{"name":"(anonymous_3)","decl":{"start":{"line":34,"column":24},"end":{"line":34,"column":25}},"loc":{"start":{"line":34,"column":36},"end":{"line":62,"column":3}},"line":34},"4":{"name":"(anonymous_4)","decl":{"start":{"line":70,"column":55},"end":{"line":70,"column":56}},"loc":{"start":{"line":71,"column":12},"end":{"line":83,"column":31}},"line":71},"5":{"name":"(anonymous_5)","decl":{"start":{"line":77,"column":23},"end":{"line":77,"column":24}},"loc":{"start":{"line":77,"column":29},"end":{"line":77,"column":48}},"line":77},"6":{"name":"(anonymous_6)","decl":{"start":{"line":88,"column":48},"end":{"line":88,"column":49}},"loc":{"start":{"line":89,"column":12},"end":{"line":101,"column":31}},"line":89},"7":{"name":"(anonymous_7)","decl":{"start":{"line":95,"column":23},"end":{"line":95,"column":24}},"loc":{"start":{"line":95,"column":29},"end":{"line":95,"column":60}},"line":95},"8":{"name":"(anonymous_8)","decl":{"start":{"line":120,"column":18},"end":{"line":120,"column":19}},"loc":{"start":{"line":120,"column":42},"end":{"line":185,"column":2}},"line":120}},"branchMap":{"0":{"loc":{"start":{"line":35,"column":4},"end":{"line":38,"column":5}},"type":"if","locations":[{"start":{"line":35,"column":4},"end":{"line":38,"column":5}},{"start":{},"end":{}}],"line":35},"1":{"loc":{"start":{"line":39,"column":4},"end":{"line":42,"column":5}},"type":"if","locations":[{"start":{"line":39,"column":4},"end":{"line":42,"column":5}},{"start":{},"end":{}}],"line":39},"2":{"loc":{"start":{"line":52,"column":6},"end":{"line":57,"column":7}},"type":"if","locations":[{"start":{"line":52,"column":6},"end":{"line":57,"column":7}},{"start":{"line":55,"column":13},"end":{"line":57,"column":7}}],"line":52},"3":{"loc":{"start":{"line":75,"column":16},"end":{"line":75,"column":60}},"type":"binary-expr","locations":[{"start":{"line":75,"column":16},"end":{"line":75,"column":35}},{"start":{"line":75,"column":39},"end":{"line":75,"column":60}}],"line":75},"4":{"loc":{"start":{"line":81,"column":16},"end":{"line":81,"column":64}},"type":"binary-expr","locations":[{"start":{"line":81,"column":16},"end":{"line":81,"column":35}},{"start":{"line":81,"column":39},"end":{"line":81,"column":64}}],"line":81},"5":{"loc":{"start":{"line":93,"column":16},"end":{"line":93,"column":72}},"type":"binary-expr","locations":[{"start":{"line":93,"column":16},"end":{"line":93,"column":47}},{"start":{"line":93,"column":51},"end":{"line":93,"column":72}}],"line":93},"6":{"loc":{"start":{"line":99,"column":16},"end":{"line":99,"column":76}},"type":"binary-expr","locations":[{"start":{"line":99,"column":16},"end":{"line":99,"column":47}},{"start":{"line":99,"column":51},"end":{"line":99,"column":76}}],"line":99}},"s":{"0":0,"1":0,"2":0,"3":0,"4":0,"5":0,"6":0,"7":0,"8":0,"9":0,"10":0,"11":0,"12":0,"13":0,"14":0,"15":0,"16":0,"17":0,"18":0,"19":0,"20":0,"21":0,"22":0,"23":0,"24":0,"25":0,"26":0,"27":0,"28":0,"29":0,"30":0,"31":0,"32":0,"33":0,"34":0,"35":0,"36":0,"37":0,"38":0,"39":0,"40":0},"f":{"0":0,"1":0,"2":0,"3":0,"4":0,"5":0,"6":0,"7":0,"8":0},"b":{"0":[0,0],"1":[0,0],"2":[0,0],"3":[0,0],"4":[0,0],"5":[0,0],"6":[0,0]}}
,"/Users/arveanlabib/Documents/NightVibes/NightVibesUI/src/EditProfileScreen.js": {"path":"/Users/arveanlabib/Documents/NightVibes/NightVibesUI/src/EditProfileScreen.js","statementMap":{"0":{"start":{"line":8,"column":26},"end":{"line":96,"column":1}},"1":{"start":{"line":9,"column":29},"end":{"line":9,"column":39}},"2":{"start":{"line":10,"column":17},"end":{"line":10,"column":46}},"3":{"start":{"line":11,"column":27},"end":{"line":11,"column":50}},"4":{"start":{"line":12,"column":24},"end":{"line":12,"column":36}},"5":{"start":{"line":13,"column":32},"end":{"line":13,"column":46}},"6":{"start":{"line":14,"column":28},"end":{"line":14,"column":42}},"7":{"start":{"line":15,"column":34},"end":{"line":15,"column":49}},"8":{"start":{"line":16,"column":21},"end":{"line":16,"column":36}},"9":{"start":{"line":18,"column":2},"end":{"line":38,"column":13}},"10":{"start":{"line":19,"column":25},"end":{"line":33,"column":5}},"11":{"start":{"line":20,"column":6},"end":{"line":32,"column":7}},"12":{"start":{"line":21,"column":25},"end":{"line":21,"column":65}},"13":{"start":{"line":22,"column":8},"end":{"line":26,"column":9}},"14":{"start":{"line":23,"column":10},"end":{"line":23,"column":36}},"15":{"start":{"line":25,"column":10},"end":{"line":25,"column":52}},"16":{"start":{"line":28,"column":8},"end":{"line":28,"column":50}},"17":{"start":{"line":29,"column":8},"end":{"line":29,"column":27}},"18":{"start":{"line":31,"column":8},"end":{"line":31,"column":26}},"19":{"start":{"line":35,"column":4},"end":{"line":37,"column":5}},"20":{"start":{"line":36,"column":6},"end":{"line":36,"column":21}},"21":{"start":{"line":40,"column":23},"end":{"line":63,"column":5}},"22":{"start":{"line":41,"column":8},"end":{"line":41,"column":26}},"23":{"start":{"line":42,"column":8},"end":{"line":42,"column":23}},"24":{"start":{"line":43,"column":8},"end":{"line":62,"column":9}},"25":{"start":{"line":44,"column":29},"end":{"line":46,"column":14}},"26":{"start":{"line":48,"column":12},"end":{"line":54,"column":13}},"27":{"start":{"line":49,"column":16},"end":{"line":49,"column":72}},"28":{"start":{"line":50,"column":16},"end":{"line":50,"column":36}},"29":{"start":{"line":53,"column":16},"end":{"line":53,"column":72}},"30":{"start":{"line":57,"column":12},"end":{"line":57,"column":68}},"31":{"start":{"line":58,"column":12},"end":{"line":58,"column":33}},"32":{"start":{"line":61,"column":12},"end":{"line":61,"column":31}},"33":{"start":{"line":65,"column":4},"end":{"line":71,"column":7}},"34":{"start":{"line":66,"column":8},"end":{"line":70,"column":10}},"35":{"start":{"line":73,"column":6},"end":{"line":79,"column":7}},"36":{"start":{"line":74,"column":8},"end":{"line":78,"column":10}},"37":{"start":{"line":81,"column":2},"end":{"line":95,"column":4}},"38":{"start":{"line":98,"column":18},"end":{"line":126,"column":2}},"39":{"start":{"line":98,"column":42},"end":{"line":126,"column":2}}},"fnMap":{"0":{"name":"(anonymous_0)","decl":{"start":{"line":8,"column":26},"end":{"line":8,"column":27}},"loc":{"start":{"line":8,"column":32},"end":{"line":96,"column":1}},"line":8},"1":{"name":"(anonymous_1)","decl":{"start":{"line":18,"column":12},"end":{"line":18,"column":13}},"loc":{"start":{"line":18,"column":18},"end":{"line":38,"column":3}},"line":18},"2":{"name":"(anonymous_2)","decl":{"start":{"line":19,"column":25},"end":{"line":19,"column":26}},"loc":{"start":{"line":19,"column":37},"end":{"line":33,"column":5}},"line":19},"3":{"name":"(anonymous_3)","decl":{"start":{"line":40,"column":23},"end":{"line":40,"column":24}},"loc":{"start":{"line":40,"column":34},"end":{"line":63,"column":5}},"line":40},"4":{"name":"(anonymous_4)","decl":{"start":{"line":98,"column":18},"end":{"line":98,"column":19}},"loc":{"start":{"line":98,"column":42},"end":{"line":126,"column":2}},"line":98}},"branchMap":{"0":{"loc":{"start":{"line":22,"column":8},"end":{"line":26,"column":9}},"type":"if","locations":[{"start":{"line":22,"column":8},"end":{"line":26,"column":9}},{"start":{"line":24,"column":15},"end":{"line":26,"column":9}}],"line":22},"1":{"loc":{"start":{"line":35,"column":4},"end":{"line":37,"column":5}},"type":"if","locations":[{"start":{"line":35,"column":4},"end":{"line":37,"column":5}},{"start":{},"end":{}}],"line":35},"2":{"loc":{"start":{"line":48,"column":12},"end":{"line":54,"column":13}},"type":"if","locations":[{"start":{"line":48,"column":12},"end":{"line":54,"column":13}},{"start":{"line":52,"column":17},"end":{"line":54,"column":13}}],"line":48},"3":{"loc":{"start":{"line":65,"column":4},"end":{"line":71,"column":7}},"type":"if","locations":[{"start":{"line":65,"column":4},"end":{"line":71,"column":7}},{"start":{},"end":{}}],"line":65},"4":{"loc":{"start":{"line":73,"column":6},"end":{"line":79,"column":7}},"type":"if","locations":[{"start":{"line":73,"column":6},"end":{"line":79,"column":7}},{"start":{},"end":{}}],"line":73},"5":{"loc":{"start":{"line":93,"column":21},"end":{"line":93,"column":60}},"type":"cond-expr","locations":[{"start":{"line":93,"column":32},"end":{"line":93,"column":43}},{"start":{"line":93,"column":46},"end":{"line":93,"column":60}}],"line":93}},"s":{"0":0,"1":0,"2":0,"3":0,"4":0,"5":0,"6":0,"7":0,"8":0,"9":0,"10":0,"11":0,"12":0,"13":0,"14":0,"15":0,"16":0,"17":0,"18":0,"19":0,"20":0,"21":0,"22":0,"23":0,"24":0,"25":0,"26":0,"27":0,"28":0,"29":0,"30":0,"31":0,"32":0,"33":0,"34":0,"35":0,"36":0,"37":0,"38":0,"39":0},"f":{"0":0,"1":0,"2":0,"3":0,"4":0},"b":{"0":[0,0],"1":[0,0],"2":[0,0],"3":[0,0],"4":[0,0],"5":[0,0]}}
,"/Users/arveanlabib/Documents/NightVibes/NightVibesUI/src/ForgotPasswordScreen.js": {"path":"/Users/arveanlabib/Documents/NightVibes/NightVibesUI/src/ForgotPasswordScreen.js","statementMap":{"0":{"start":{"line":8,"column":29},"end":{"line":77,"column":1}},"1":{"start":{"line":9,"column":30},"end":{"line":9,"column":42}},"2":{"start":{"line":10,"column":30},"end":{"line":10,"column":42}},"3":{"start":{"line":11,"column":34},"end":{"line":11,"column":49}},"4":{"start":{"line":12,"column":34},"end":{"line":12,"column":49}},"5":{"start":{"line":14,"column":32},"end":{"line":29,"column":5}},"6":{"start":{"line":15,"column":8},"end":{"line":15,"column":25}},"7":{"start":{"line":16,"column":8},"end":{"line":16,"column":21}},"8":{"start":{"line":17,"column":8},"end":{"line":28,"column":9}},"9":{"start":{"line":18,"column":29},"end":{"line":18,"column":79}},"10":{"start":{"line":19,"column":12},"end":{"line":23,"column":13}},"11":{"start":{"line":20,"column":16},"end":{"line":20,"column":33}},"12":{"start":{"line":22,"column":16},"end":{"line":22,"column":83}},"13":{"start":{"line":25,"column":12},"end":{"line":25,"column":110}},"14":{"start":{"line":27,"column":12},"end":{"line":27,"column":30}},"15":{"start":{"line":31,"column":4},"end":{"line":76,"column":6}},"16":{"start":{"line":79,"column":15},"end":{"line":161,"column":2}}},"fnMap":{"0":{"name":"(anonymous_0)","decl":{"start":{"line":8,"column":29},"end":{"line":8,"column":30}},"loc":{"start":{"line":8,"column":35},"end":{"line":77,"column":1}},"line":8},"1":{"name":"(anonymous_1)","decl":{"start":{"line":14,"column":32},"end":{"line":14,"column":33}},"loc":{"start":{"line":14,"column":44},"end":{"line":29,"column":5}},"line":14}},"branchMap":{"0":{"loc":{"start":{"line":19,"column":12},"end":{"line":23,"column":13}},"type":"if","locations":[{"start":{"line":19,"column":12},"end":{"line":23,"column":13}},{"start":{"line":21,"column":19},"end":{"line":23,"column":13}}],"line":19},"1":{"loc":{"start":{"line":25,"column":21},"end":{"line":25,"column":108}},"type":"binary-expr","locations":[{"start":{"line":25,"column":21},"end":{"line":25,"column":48}},{"start":{"line":25,"column":52},"end":{"line":25,"column":108}}],"line":25},"2":{"loc":{"start":{"line":34,"column":26},"end":{"line":34,"column":70}},"type":"cond-expr","locations":[{"start":{"line":34,"column":50},"end":{"line":34,"column":59}},{"start":{"line":34,"column":62},"end":{"line":34,"column":70}}],"line":34},"3":{"loc":{"start":{"line":40,"column":21},"end":{"line":45,"column":28}},"type":"cond-expr","locations":[{"start":{"line":41,"column":24},"end":{"line":44,"column":31}},{"start":{"line":45,"column":24},"end":{"line":45,"column":28}}],"line":40},"4":{"loc":{"start":{"line":47,"column":21},"end":{"line":52,"column":28}},"type":"cond-expr","locations":[{"start":{"line":48,"column":24},"end":{"line":51,"column":31}},{"start":{"line":52,"column":24},"end":{"line":52,"column":28}}],"line":47},"5":{"loc":{"start":{"line":69,"column":31},"end":{"line":69,"column":72}},"type":"cond-expr","locations":[{"start":{"line":69,"column":41},"end":{"line":69,"column":53}},{"start":{"line":69,"column":56},"end":{"line":69,"column":72}}],"line":69}},"s":{"0":0,"1":0,"2":0,"3":0,"4":0,"5":0,"6":0,"7":0,"8":0,"9":0,"10":0,"11":0,"12":0,"13":0,"14":0,"15":0,"16":0},"f":{"0":0,"1":0},"b":{"0":[0,0],"1":[0,0],"2":[0,0],"3":[0,0],"4":[0,0],"5":[0,0]}}
,"/Users/arveanlabib/Documents/NightVibes/NightVibesUI/src/FriendActivityScreen.js": {"path":"/Users/arveanlabib/Documents/NightVibes/NightVibesUI/src/FriendActivityScreen.js","statementMap":{"0":{"start":{"line":8,"column":29},"end":{"line":62,"column":1}},"1":{"start":{"line":9,"column":31},"end":{"line":9,"column":41}},"2":{"start":{"line":10,"column":19},"end":{"line":10,"column":48}},"3":{"start":{"line":12,"column":40},"end":{"line":12,"column":61}},"4":{"start":{"line":14,"column":22},"end":{"line":19,"column":10}},"5":{"start":{"line":15,"column":8},"end":{"line":15,"column":28}},"6":{"start":{"line":16,"column":8},"end":{"line":18,"column":17}},"7":{"start":{"line":17,"column":12},"end":{"line":17,"column":33}},"8":{"start":{"line":21,"column":17},"end":{"line":27,"column":5}},"9":{"start":{"line":29,"column":23},"end":{"line":41,"column":5}},"10":{"start":{"line":30,"column":8},"end":{"line":40,"column":15}},"11":{"start":{"line":43,"column":4},"end":{"line":61,"column":6}},"12":{"start":{"line":50,"column":40},"end":{"line":50,"column":47}},"13":{"start":{"line":64,"column":18},"end":{"line":109,"column":2}},"14":{"start":{"line":64,"column":42},"end":{"line":109,"column":2}}},"fnMap":{"0":{"name":"(anonymous_0)","decl":{"start":{"line":8,"column":29},"end":{"line":8,"column":30}},"loc":{"start":{"line":8,"column":35},"end":{"line":62,"column":1}},"line":8},"1":{"name":"(anonymous_1)","decl":{"start":{"line":14,"column":40},"end":{"line":14,"column":41}},"loc":{"start":{"line":14,"column":46},"end":{"line":19,"column":5}},"line":14},"2":{"name":"(anonymous_2)","decl":{"start":{"line":16,"column":19},"end":{"line":16,"column":20}},"loc":{"start":{"line":16,"column":25},"end":{"line":18,"column":9}},"line":16},"3":{"name":"(anonymous_3)","decl":{"start":{"line":29,"column":23},"end":{"line":29,"column":24}},"loc":{"start":{"line":30,"column":8},"end":{"line":40,"column":15}},"line":30},"4":{"name":"(anonymous_4)","decl":{"start":{"line":50,"column":30},"end":{"line":50,"column":31}},"loc":{"start":{"line":50,"column":40},"end":{"line":50,"column":47}},"line":50},"5":{"name":"(anonymous_5)","decl":{"start":{"line":64,"column":18},"end":{"line":64,"column":19}},"loc":{"start":{"line":64,"column":42},"end":{"line":109,"column":2}},"line":64}},"branchMap":{"0":{"loc":{"start":{"line":36,"column":31},"end":{"line":36,"column":91}},"type":"binary-expr","locations":[{"start":{"line":36,"column":31},"end":{"line":36,"column":41}},{"start":{"line":36,"column":45},"end":{"line":36,"column":91}}],"line":36},"1":{"loc":{"start":{"line":37,"column":17},"end":{"line":37,"column":83}},"type":"binary-expr","locations":[{"start":{"line":37,"column":17},"end":{"line":37,"column":28}},{"start":{"line":37,"column":32},"end":{"line":37,"column":83}}],"line":37},"2":{"loc":{"start":{"line":38,"column":17},"end":{"line":38,"column":90}},"type":"binary-expr","locations":[{"start":{"line":38,"column":17},"end":{"line":38,"column":31}},{"start":{"line":38,"column":35},"end":{"line":38,"column":90}}],"line":38}},"s":{"0":0,"1":0,"2":0,"3":0,"4":0,"5":0,"6":0,"7":0,"8":0,"9":0,"10":0,"11":0,"12":0,"13":0,"14":0},"f":{"0":0,"1":0,"2":0,"3":0,"4":0,"5":0},"b":{"0":[0,0],"1":[0,0],"2":[0,0]}}
,"/Users/arveanlabib/Documents/NightVibes/NightVibesUI/src/FriendDiscoveryScreen.js": {"path":"/Users/arveanlabib/Documents/NightVibes/NightVibesUI/src/FriendDiscoveryScreen.js","statementMap":{"0":{"start":{"line":11,"column":17},"end":{"line":55,"column":1}},"1":{"start":{"line":12,"column":2},"end":{"line":54,"column":9}},"2":{"start":{"line":41,"column":25},"end":{"line":41,"column":44}},"3":{"start":{"line":57,"column":27},"end":{"line":79,"column":1}},"4":{"start":{"line":58,"column":2},"end":{"line":78,"column":9}},"5":{"start":{"line":72,"column":6},"end":{"line":76,"column":8}},"6":{"start":{"line":81,"column":22},"end":{"line":92,"column":1}},"7":{"start":{"line":82,"column":2},"end":{"line":91,"column":9}},"8":{"start":{"line":85,"column":6},"end":{"line":89,"column":8}},"9":{"start":{"line":94,"column":19},"end":{"line":104,"column":1}},"10":{"start":{"line":95,"column":2},"end":{"line":103,"column":9}},"11":{"start":{"line":117,"column":6},"end":{"line":117,"column":26}},"12":{"start":{"line":119,"column":2},"end":{"line":121,"column":25}},"13":{"start":{"line":120,"column":4},"end":{"line":120,"column":23}},"14":{"start":{"line":123,"column":23},"end":{"line":125,"column":3}},"15":{"start":{"line":124,"column":4},"end":{"line":124,"column":22}},"16":{"start":{"line":127,"column":28},"end":{"line":132,"column":3}},"17":{"start":{"line":128,"column":20},"end":{"line":128,"column":52}},"18":{"start":{"line":129,"column":4},"end":{"line":131,"column":5}},"19":{"start":{"line":134,"column":2},"end":{"line":190,"column":4}}},"fnMap":{"0":{"name":"(anonymous_0)","decl":{"start":{"line":11,"column":17},"end":{"line":11,"column":18}},"loc":{"start":{"line":12,"column":2},"end":{"line":54,"column":9}},"line":12},"1":{"name":"(anonymous_1)","decl":{"start":{"line":41,"column":19},"end":{"line":41,"column":20}},"loc":{"start":{"line":41,"column":25},"end":{"line":41,"column":44}},"line":41},"2":{"name":"(anonymous_2)","decl":{"start":{"line":57,"column":27},"end":{"line":57,"column":28}},"loc":{"start":{"line":58,"column":2},"end":{"line":78,"column":9}},"line":58},"3":{"name":"(anonymous_3)","decl":{"start":{"line":71,"column":21},"end":{"line":71,"column":22}},"loc":{"start":{"line":72,"column":6},"end":{"line":76,"column":8}},"line":72},"4":{"name":"(anonymous_4)","decl":{"start":{"line":81,"column":22},"end":{"line":81,"column":23}},"loc":{"start":{"line":82,"column":2},"end":{"line":91,"column":9}},"line":82},"5":{"name":"(anonymous_5)","decl":{"start":{"line":84,"column":15},"end":{"line":84,"column":16}},"loc":{"start":{"line":85,"column":6},"end":{"line":89,"column":8}},"line":85},"6":{"name":"(anonymous_6)","decl":{"start":{"line":94,"column":19},"end":{"line":94,"column":20}},"loc":{"start":{"line":95,"column":2},"end":{"line":103,"column":9}},"line":95},"7":{"name":"FriendDiscoveryScreen","decl":{"start":{"line":106,"column":24},"end":{"line":106,"column":45}},"loc":{"start":{"line":106,"column":62},"end":{"line":191,"column":1}},"line":106},"8":{"name":"(anonymous_8)","decl":{"start":{"line":119,"column":12},"end":{"line":119,"column":13}},"loc":{"start":{"line":119,"column":18},"end":{"line":121,"column":3}},"line":119},"9":{"name":"(anonymous_9)","decl":{"start":{"line":123,"column":23},"end":{"line":123,"column":24}},"loc":{"start":{"line":123,"column":33},"end":{"line":125,"column":3}},"line":123},"10":{"name":"(anonymous_10)","decl":{"start":{"line":127,"column":28},"end":{"line":127,"column":29}},"loc":{"start":{"line":127,"column":44},"end":{"line":132,"column":3}},"line":127}},"branchMap":{"0":{"loc":{"start":{"line":21,"column":11},"end":{"line":25,"column":11}},"type":"binary-expr","locations":[{"start":{"line":21,"column":11},"end":{"line":21,"column":20}},{"start":{"line":22,"column":12},"end":{"line":24,"column":19}}],"line":21},"1":{"loc":{"start":{"line":26,"column":11},"end":{"line":30,"column":11}},"type":"binary-expr","locations":[{"start":{"line":26,"column":11},"end":{"line":26,"column":40}},{"start":{"line":27,"column":12},"end":{"line":29,"column":19}}],"line":26},"2":{"loc":{"start":{"line":31,"column":11},"end":{"line":35,"column":11}},"type":"binary-expr","locations":[{"start":{"line":31,"column":11},"end":{"line":31,"column":41}},{"start":{"line":32,"column":12},"end":{"line":34,"column":19}}],"line":31},"3":{"loc":{"start":{"line":38,"column":19},"end":{"line":38,"column":60}},"type":"cond-expr","locations":[{"start":{"line":38,"column":39},"end":{"line":38,"column":48}},{"start":{"line":38,"column":51},"end":{"line":38,"column":60}}],"line":38},"4":{"loc":{"start":{"line":43,"column":11},"end":{"line":50,"column":11}},"type":"cond-expr","locations":[{"start":{"line":44,"column":12},"end":{"line":44,"column":26}},{"start":{"line":46,"column":12},"end":{"line":49,"column":15}}],"line":43},"5":{"loc":{"start":{"line":129,"column":4},"end":{"line":131,"column":5}},"type":"if","locations":[{"start":{"line":129,"column":4},"end":{"line":131,"column":5}},{"start":{},"end":{}}],"line":129},"6":{"loc":{"start":{"line":150,"column":7},"end":{"line":152,"column":7}},"type":"binary-expr","locations":[{"start":{"line":150,"column":7},"end":{"line":150,"column":12}},{"start":{"line":151,"column":8},"end":{"line":151,"column":61}}],"line":150},"7":{"loc":{"start":{"line":163,"column":11},"end":{"line":186,"column":11}},"type":"cond-expr","locations":[{"start":{"line":164,"column":12},"end":{"line":166,"column":19}},{"start":{"line":167,"column":14},"end":{"line":186,"column":11}}],"line":163},"8":{"loc":{"start":{"line":167,"column":14},"end":{"line":186,"column":11}},"type":"cond-expr","locations":[{"start":{"line":168,"column":12},"end":{"line":177,"column":13}},{"start":{"line":178,"column":14},"end":{"line":186,"column":11}}],"line":167},"9":{"loc":{"start":{"line":168,"column":12},"end":{"line":177,"column":13}},"type":"cond-expr","locations":[{"start":{"line":169,"column":14},"end":{"line":172,"column":16}},{"start":{"line":174,"column":14},"end":{"line":176,"column":21}}],"line":168},"10":{"loc":{"start":{"line":178,"column":14},"end":{"line":186,"column":11}},"type":"cond-expr","locations":[{"start":{"line":179,"column":12},"end":{"line":183,"column":14}},{"start":{"line":185,"column":12},"end":{"line":185,"column":26}}],"line":178}},"s":{"0":0,"1":0,"2":0,"3":0,"4":0,"5":0,"6":0,"7":0,"8":0,"9":0,"10":0,"11":0,"12":0,"13":0,"14":0,"15":0,"16":0,"17":0,"18":0,"19":0},"f":{"0":0,"1":0,"2":0,"3":0,"4":0,"5":0,"6":0,"7":0,"8":0,"9":0,"10":0},"b":{"0":[0,0],"1":[0,0],"2":[0,0],"3":[0,0],"4":[0,0],"5":[0,0],"6":[0,0],"7":[0,0],"8":[0,0],"9":[0,0],"10":[0,0]}}
,"/Users/arveanlabib/Documents/NightVibes/NightVibesUI/src/FriendListScreen.js": {"path":"/Users/arveanlabib/Documents/NightVibes/NightVibesUI/src/FriendListScreen.js","statementMap":{"0":{"start":{"line":22,"column":19},"end":{"line":82,"column":1}},"1":{"start":{"line":23,"column":2},"end":{"line":81,"column":9}},"2":{"start":{"line":45,"column":27},"end":{"line":45,"column":44}},"3":{"start":{"line":71,"column":33},"end":{"line":71,"column":49}},"4":{"start":{"line":84,"column":19},"end":{"line":97,"column":1}},"5":{"start":{"line":85,"column":2},"end":{"line":96,"column":9}},"6":{"start":{"line":108,"column":6},"end":{"line":108,"column":18}},"7":{"start":{"line":110,"column":2},"end":{"line":112,"column":21}},"8":{"start":{"line":111,"column":4},"end":{"line":111,"column":19}},"9":{"start":{"line":114,"column":29},"end":{"line":119,"column":3}},"10":{"start":{"line":115,"column":20},"end":{"line":115,"column":49}},"11":{"start":{"line":116,"column":4},"end":{"line":118,"column":5}},"12":{"start":{"line":121,"column":24},"end":{"line":124,"column":3}},"13":{"start":{"line":123,"column":4},"end":{"line":123,"column":57}},"14":{"start":{"line":126,"column":2},"end":{"line":132,"column":3}},"15":{"start":{"line":127,"column":4},"end":{"line":131,"column":6}},"16":{"start":{"line":134,"column":2},"end":{"line":141,"column":3}},"17":{"start":{"line":135,"column":4},"end":{"line":140,"column":6}},"18":{"start":{"line":143,"column":2},"end":{"line":193,"column":4}},"19":{"start":{"line":151,"column":27},"end":{"line":151,"column":64}},"20":{"start":{"line":180,"column":14},"end":{"line":185,"column":16}},"21":{"start":{"line":196,"column":15},"end":{"line":201,"column":2}}},"fnMap":{"0":{"name":"(anonymous_0)","decl":{"start":{"line":22,"column":19},"end":{"line":22,"column":20}},"loc":{"start":{"line":23,"column":2},"end":{"line":81,"column":9}},"line":23},"1":{"name":"(anonymous_1)","decl":{"start":{"line":45,"column":21},"end":{"line":45,"column":22}},"loc":{"start":{"line":45,"column":27},"end":{"line":45,"column":44}},"line":45},"2":{"name":"(anonymous_2)","decl":{"start":{"line":71,"column":27},"end":{"line":71,"column":28}},"loc":{"start":{"line":71,"column":33},"end":{"line":71,"column":49}},"line":71},"3":{"name":"(anonymous_3)","decl":{"start":{"line":84,"column":19},"end":{"line":84,"column":20}},"loc":{"start":{"line":85,"column":2},"end":{"line":96,"column":9}},"line":85},"4":{"name":"FriendListScreen","decl":{"start":{"line":99,"column":24},"end":{"line":99,"column":40}},"loc":{"start":{"line":99,"column":57},"end":{"line":194,"column":1}},"line":99},"5":{"name":"(anonymous_5)","decl":{"start":{"line":110,"column":12},"end":{"line":110,"column":13}},"loc":{"start":{"line":110,"column":18},"end":{"line":112,"column":3}},"line":110},"6":{"name":"(anonymous_6)","decl":{"start":{"line":114,"column":29},"end":{"line":114,"column":30}},"loc":{"start":{"line":114,"column":47},"end":{"line":119,"column":3}},"line":114},"7":{"name":"(anonymous_7)","decl":{"start":{"line":121,"column":24},"end":{"line":121,"column":25}},"loc":{"start":{"line":121,"column":36},"end":{"line":124,"column":3}},"line":121},"8":{"name":"(anonymous_8)","decl":{"start":{"line":151,"column":21},"end":{"line":151,"column":22}},"loc":{"start":{"line":151,"column":27},"end":{"line":151,"column":64}},"line":151},"9":{"name":"(anonymous_9)","decl":{"start":{"line":179,"column":24},"end":{"line":179,"column":25}},"loc":{"start":{"line":180,"column":14},"end":{"line":185,"column":16}},"line":180}},"branchMap":{"0":{"loc":{"start":{"line":32,"column":11},"end":{"line":34,"column":11}},"type":"binary-expr","locations":[{"start":{"line":32,"column":11},"end":{"line":32,"column":22}},{"start":{"line":33,"column":12},"end":{"line":33,"column":80}}],"line":32},"1":{"loc":{"start":{"line":35,"column":11},"end":{"line":39,"column":11}},"type":"binary-expr","locations":[{"start":{"line":35,"column":11},"end":{"line":35,"column":27}},{"start":{"line":36,"column":12},"end":{"line":38,"column":19}}],"line":35},"2":{"loc":{"start":{"line":116,"column":4},"end":{"line":118,"column":5}},"type":"if","locations":[{"start":{"line":116,"column":4},"end":{"line":118,"column":5}},{"start":{},"end":{}}],"line":116},"3":{"loc":{"start":{"line":126,"column":2},"end":{"line":132,"column":3}},"type":"if","locations":[{"start":{"line":126,"column":2},"end":{"line":132,"column":3}},{"start":{},"end":{}}],"line":126},"4":{"loc":{"start":{"line":134,"column":2},"end":{"line":141,"column":3}},"type":"if","locations":[{"start":{"line":134,"column":2},"end":{"line":141,"column":3}},{"start":{},"end":{}}],"line":134},"5":{"loc":{"start":{"line":178,"column":11},"end":{"line":189,"column":11}},"type":"cond-expr","locations":[{"start":{"line":179,"column":12},"end":{"line":186,"column":14}},{"start":{"line":188,"column":12},"end":{"line":188,"column":26}}],"line":178}},"s":{"0":0,"1":0,"2":0,"3":0,"4":0,"5":0,"6":0,"7":0,"8":0,"9":0,"10":0,"11":0,"12":0,"13":0,"14":0,"15":0,"16":0,"17":0,"18":0,"19":0,"20":0,"21":0},"f":{"0":0,"1":0,"2":0,"3":0,"4":0,"5":0,"6":0,"7":0,"8":0,"9":0},"b":{"0":[0,0],"1":[0,0],"2":[0,0],"3":[0,0],"4":[0,0],"5":[0,0]}}
,"/Users/arveanlabib/Documents/NightVibes/NightVibesUI/src/FriendRequestsScreen.js": {"path":"/Users/arveanlabib/Documents/NightVibes/NightVibesUI/src/FriendRequestsScreen.js","statementMap":{"0":{"start":{"line":11,"column":20},"end":{"line":56,"column":1}},"1":{"start":{"line":12,"column":2},"end":{"line":55,"column":9}},"2":{"start":{"line":40,"column":27},"end":{"line":40,"column":44}},"3":{"start":{"line":48,"column":27},"end":{"line":48,"column":45}},"4":{"start":{"line":58,"column":19},"end":{"line":72,"column":1}},"5":{"start":{"line":59,"column":2},"end":{"line":71,"column":9}},"6":{"start":{"line":74,"column":28},"end":{"line":103,"column":1}},"7":{"start":{"line":75,"column":2},"end":{"line":102,"column":9}},"8":{"start":{"line":78,"column":6},"end":{"line":100,"column":13}},"9":{"start":{"line":94,"column":29},"end":{"line":94,"column":46}},"10":{"start":{"line":115,"column":6},"end":{"line":115,"column":25}},"11":{"start":{"line":117,"column":2},"end":{"line":119,"column":22}},"12":{"start":{"line":118,"column":4},"end":{"line":118,"column":20}},"13":{"start":{"line":121,"column":23},"end":{"line":126,"column":3}},"14":{"start":{"line":122,"column":20},"end":{"line":122,"column":51}},"15":{"start":{"line":123,"column":4},"end":{"line":125,"column":5}},"16":{"start":{"line":128,"column":24},"end":{"line":133,"column":3}},"17":{"start":{"line":129,"column":20},"end":{"line":129,"column":52}},"18":{"start":{"line":130,"column":4},"end":{"line":132,"column":5}},"19":{"start":{"line":135,"column":23},"end":{"line":140,"column":3}},"20":{"start":{"line":136,"column":20},"end":{"line":136,"column":51}},"21":{"start":{"line":137,"column":4},"end":{"line":139,"column":5}},"22":{"start":{"line":142,"column":2},"end":{"line":148,"column":3}},"23":{"start":{"line":143,"column":4},"end":{"line":147,"column":6}},"24":{"start":{"line":150,"column":2},"end":{"line":209,"column":4}},"25":{"start":{"line":158,"column":27},"end":{"line":158,"column":65}},"26":{"start":{"line":184,"column":16},"end":{"line":189,"column":18}},"27":{"start":{"line":203,"column":39},"end":{"line":203,"column":77}}},"fnMap":{"0":{"name":"(anonymous_0)","decl":{"start":{"line":11,"column":20},"end":{"line":11,"column":21}},"loc":{"start":{"line":12,"column":2},"end":{"line":55,"column":9}},"line":12},"1":{"name":"(anonymous_1)","decl":{"start":{"line":40,"column":21},"end":{"line":40,"column":22}},"loc":{"start":{"line":40,"column":27},"end":{"line":40,"column":44}},"line":40},"2":{"name":"(anonymous_2)","decl":{"start":{"line":48,"column":21},"end":{"line":48,"column":22}},"loc":{"start":{"line":48,"column":27},"end":{"line":48,"column":45}},"line":48},"3":{"name":"(anonymous_3)","decl":{"start":{"line":58,"column":19},"end":{"line":58,"column":20}},"loc":{"start":{"line":59,"column":2},"end":{"line":71,"column":9}},"line":59},"4":{"name":"(anonymous_4)","decl":{"start":{"line":74,"column":28},"end":{"line":74,"column":29}},"loc":{"start":{"line":75,"column":2},"end":{"line":102,"column":9}},"line":75},"5":{"name":"(anonymous_5)","decl":{"start":{"line":77,"column":18},"end":{"line":77,"column":19}},"loc":{"start":{"line":78,"column":6},"end":{"line":100,"column":13}},"line":78},"6":{"name":"(anonymous_6)","decl":{"start":{"line":94,"column":23},"end":{"line":94,"column":24}},"loc":{"start":{"line":94,"column":29},"end":{"line":94,"column":46}},"line":94},"7":{"name":"FriendRequestsScreen","decl":{"start":{"line":105,"column":24},"end":{"line":105,"column":44}},"loc":{"start":{"line":105,"column":61},"end":{"line":210,"column":1}},"line":105},"8":{"name":"(anonymous_8)","decl":{"start":{"line":117,"column":12},"end":{"line":117,"column":13}},"loc":{"start":{"line":117,"column":18},"end":{"line":119,"column":3}},"line":117},"9":{"name":"(anonymous_9)","decl":{"start":{"line":121,"column":23},"end":{"line":121,"column":24}},"loc":{"start":{"line":121,"column":42},"end":{"line":126,"column":3}},"line":121},"10":{"name":"(anonymous_10)","decl":{"start":{"line":128,"column":24},"end":{"line":128,"column":25}},"loc":{"start":{"line":128,"column":43},"end":{"line":133,"column":3}},"line":128},"11":{"name":"(anonymous_11)","decl":{"start":{"line":135,"column":23},"end":{"line":135,"column":24}},"loc":{"start":{"line":135,"column":42},"end":{"line":140,"column":3}},"line":135},"12":{"name":"(anonymous_12)","decl":{"start":{"line":158,"column":21},"end":{"line":158,"column":22}},"loc":{"start":{"line":158,"column":27},"end":{"line":158,"column":65}},"line":158},"13":{"name":"(anonymous_13)","decl":{"start":{"line":183,"column":28},"end":{"line":183,"column":29}},"loc":{"start":{"line":184,"column":16},"end":{"line":189,"column":18}},"line":184},"14":{"name":"(anonymous_14)","decl":{"start":{"line":203,"column":33},"end":{"line":203,"column":34}},"loc":{"start":{"line":203,"column":39},"end":{"line":203,"column":77}},"line":203}},"branchMap":{"0":{"loc":{"start":{"line":21,"column":11},"end":{"line":25,"column":11}},"type":"binary-expr","locations":[{"start":{"line":21,"column":11},"end":{"line":21,"column":30}},{"start":{"line":22,"column":12},"end":{"line":24,"column":19}}],"line":21},"1":{"loc":{"start":{"line":26,"column":11},"end":{"line":30,"column":11}},"type":"binary-expr","locations":[{"start":{"line":26,"column":11},"end":{"line":26,"column":50}},{"start":{"line":27,"column":12},"end":{"line":29,"column":19}}],"line":26},"2":{"loc":{"start":{"line":123,"column":4},"end":{"line":125,"column":5}},"type":"if","locations":[{"start":{"line":123,"column":4},"end":{"line":125,"column":5}},{"start":{},"end":{}}],"line":123},"3":{"loc":{"start":{"line":130,"column":4},"end":{"line":132,"column":5}},"type":"if","locations":[{"start":{"line":130,"column":4},"end":{"line":132,"column":5}},{"start":{},"end":{}}],"line":130},"4":{"loc":{"start":{"line":137,"column":4},"end":{"line":139,"column":5}},"type":"if","locations":[{"start":{"line":137,"column":4},"end":{"line":139,"column":5}},{"start":{},"end":{}}],"line":137},"5":{"loc":{"start":{"line":142,"column":2},"end":{"line":148,"column":3}},"type":"if","locations":[{"start":{"line":142,"column":2},"end":{"line":148,"column":3}},{"start":{},"end":{}}],"line":142},"6":{"loc":{"start":{"line":165,"column":7},"end":{"line":167,"column":7}},"type":"binary-expr","locations":[{"start":{"line":165,"column":7},"end":{"line":165,"column":12}},{"start":{"line":166,"column":8},"end":{"line":166,"column":61}}],"line":165},"7":{"loc":{"start":{"line":178,"column":11},"end":{"line":192,"column":11}},"type":"binary-expr","locations":[{"start":{"line":178,"column":11},"end":{"line":178,"column":30}},{"start":{"line":179,"column":12},"end":{"line":191,"column":19}}],"line":178},"8":{"loc":{"start":{"line":194,"column":11},"end":{"line":199,"column":11}},"type":"binary-expr","locations":[{"start":{"line":194,"column":11},"end":{"line":194,"column":34}},{"start":{"line":195,"column":12},"end":{"line":198,"column":14}}],"line":194},"9":{"loc":{"start":{"line":201,"column":11},"end":{"line":205,"column":11}},"type":"binary-expr","locations":[{"start":{"line":201,"column":11},"end":{"line":201,"column":32}},{"start":{"line":201,"column":36},"end":{"line":201,"column":61}},{"start":{"line":202,"column":12},"end":{"line":204,"column":14}}],"line":201}},"s":{"0":0,"1":0,"2":0,"3":0,"4":0,"5":0,"6":0,"7":0,"8":0,"9":0,"10":0,"11":0,"12":0,"13":0,"14":0,"15":0,"16":0,"17":0,"18":0,"19":0,"20":0,"21":0,"22":0,"23":0,"24":0,"25":0,"26":0,"27":0},"f":{"0":0,"1":0,"2":0,"3":0,"4":0,"5":0,"6":0,"7":0,"8":0,"9":0,"10":0,"11":0,"12":0,"13":0,"14":0},"b":{"0":[0,0],"1":[0,0],"2":[0,0],"3":[0,0],"4":[0,0],"5":[0,0],"6":[0,0],"7":[0,0],"8":[0,0],"9":[0,0,0]}}
,"/Users/arveanlabib/Documents/NightVibes/NightVibesUI/src/HomeScreen.js": {"path":"/Users/arveanlabib/Documents/NightVibes/NightVibesUI/src/HomeScreen.js","statementMap":{"0":{"start":{"line":24,"column":19},"end":{"line":307,"column":1}},"1":{"start":{"line":25,"column":19},"end":{"line":25,"column":42}},"2":{"start":{"line":26,"column":21},"end":{"line":26,"column":36}},"3":{"start":{"line":27,"column":21},"end":{"line":27,"column":31}},"4":{"start":{"line":29,"column":46},"end":{"line":29,"column":58}},"5":{"start":{"line":31,"column":46},"end":{"line":31,"column":58}},"6":{"start":{"line":33,"column":42},"end":{"line":33,"column":54}},"7":{"start":{"line":35,"column":36},"end":{"line":35,"column":50}},"8":{"start":{"line":37,"column":28},"end":{"line":37,"column":42}},"9":{"start":{"line":38,"column":42},"end":{"line":38,"column":56}},"10":{"start":{"line":39,"column":68},"end":{"line":39,"column":83}},"11":{"start":{"line":42,"column":2},"end":{"line":44,"column":9}},"12":{"start":{"line":43,"column":4},"end":{"line":43,"column":30}},"13":{"start":{"line":47,"column":34},"end":{"line":55,"column":3}},"14":{"start":{"line":48,"column":29},"end":{"line":48,"column":78}},"15":{"start":{"line":50,"column":4},"end":{"line":54,"column":5}},"16":{"start":{"line":51,"column":6},"end":{"line":51,"column":41}},"17":{"start":{"line":53,"column":6},"end":{"line":53,"column":34}},"18":{"start":{"line":58,"column":36},"end":{"line":84,"column":3}},"19":{"start":{"line":59,"column":4},"end":{"line":83,"column":5}},"20":{"start":{"line":60,"column":22},"end":{"line":60,"column":73}},"21":{"start":{"line":61,"column":6},"end":{"line":80,"column":7}},"22":{"start":{"line":62,"column":8},"end":{"line":62,"column":43}},"23":{"start":{"line":63,"column":8},"end":{"line":63,"column":29}},"24":{"start":{"line":65,"column":8},"end":{"line":78,"column":10}},"25":{"start":{"line":71,"column":29},"end":{"line":71,"column":51}},"26":{"start":{"line":79,"column":8},"end":{"line":79,"column":50}},"27":{"start":{"line":82,"column":6},"end":{"line":82,"column":24}},"28":{"start":{"line":87,"column":29},"end":{"line":99,"column":3}},"29":{"start":{"line":88,"column":4},"end":{"line":98,"column":6}},"30":{"start":{"line":90,"column":40},"end":{"line":90,"column":55}},"31":{"start":{"line":91,"column":8},"end":{"line":91,"column":49}},"32":{"start":{"line":94,"column":8},"end":{"line":94,"column":27}},"33":{"start":{"line":95,"column":8},"end":{"line":95,"column":64}},"34":{"start":{"line":102,"column":2},"end":{"line":151,"column":48}},"35":{"start":{"line":103,"column":26},"end":{"line":146,"column":5}},"36":{"start":{"line":104,"column":6},"end":{"line":145,"column":7}},"37":{"start":{"line":105,"column":8},"end":{"line":105,"column":27}},"38":{"start":{"line":106,"column":8},"end":{"line":106,"column":23}},"39":{"start":{"line":109,"column":26},"end":{"line":109,"column":74}},"40":{"start":{"line":111,"column":28},"end":{"line":111,"column":59}},"41":{"start":{"line":113,"column":8},"end":{"line":115,"column":9}},"42":{"start":{"line":114,"column":10},"end":{"line":114,"column":50}},"43":{"start":{"line":117,"column":23},"end":{"line":117,"column":37}},"44":{"start":{"line":119,"column":25},"end":{"line":125,"column":9}},"45":{"start":{"line":121,"column":12},"end":{"line":124,"column":53}},"46":{"start":{"line":127,"column":21},"end":{"line":127,"column":23}},"47":{"start":{"line":128,"column":8},"end":{"line":135,"column":9}},"48":{"start":{"line":129,"column":28},"end":{"line":131,"column":11}},"49":{"start":{"line":132,"column":10},"end":{"line":134,"column":11}},"50":{"start":{"line":133,"column":12},"end":{"line":133,"column":36}},"51":{"start":{"line":137,"column":8},"end":{"line":137,"column":46}},"52":{"start":{"line":138,"column":8},"end":{"line":138,"column":49}},"53":{"start":{"line":139,"column":8},"end":{"line":139,"column":44}},"54":{"start":{"line":141,"column":8},"end":{"line":141,"column":27}},"55":{"start":{"line":142,"column":8},"end":{"line":142,"column":65}},"56":{"start":{"line":144,"column":8},"end":{"line":144,"column":28}},"57":{"start":{"line":148,"column":4},"end":{"line":150,"column":5}},"58":{"start":{"line":149,"column":6},"end":{"line":149,"column":22}},"59":{"start":{"line":154,"column":4},"end":{"line":160,"column":7}},"60":{"start":{"line":155,"column":8},"end":{"line":159,"column":10}},"61":{"start":{"line":162,"column":6},"end":{"line":168,"column":7}},"62":{"start":{"line":163,"column":8},"end":{"line":167,"column":10}},"63":{"start":{"line":171,"column":2},"end":{"line":281,"column":4}},"64":{"start":{"line":194,"column":16},"end":{"line":209,"column":23}},"65":{"start":{"line":198,"column":33},"end":{"line":198,"column":78}},"66":{"start":{"line":226,"column":16},"end":{"line":242,"column":23}},"67":{"start":{"line":259,"column":16},"end":{"line":274,"column":23}},"68":{"start":{"line":263,"column":33},"end":{"line":263,"column":78}},"69":{"start":{"line":284,"column":4},"end":{"line":287,"column":5}},"70":{"start":{"line":285,"column":6},"end":{"line":285,"column":65}},"71":{"start":{"line":286,"column":6},"end":{"line":286,"column":13}},"72":{"start":{"line":288,"column":4},"end":{"line":305,"column":5}},"73":{"start":{"line":289,"column":23},"end":{"line":294,"column":8}},"74":{"start":{"line":296,"column":6},"end":{"line":301,"column":7}},"75":{"start":{"line":297,"column":8},"end":{"line":297,"column":59}},"76":{"start":{"line":300,"column":8},"end":{"line":300,"column":70}},"77":{"start":{"line":303,"column":6},"end":{"line":303,"column":46}},"78":{"start":{"line":304,"column":6},"end":{"line":304,"column":68}},"79":{"start":{"line":309,"column":15},"end":{"line":422,"column":2}}},"fnMap":{"0":{"name":"(anonymous_0)","decl":{"start":{"line":24,"column":19},"end":{"line":24,"column":20}},"loc":{"start":{"line":24,"column":25},"end":{"line":307,"column":1}},"line":24},"1":{"name":"(anonymous_1)","decl":{"start":{"line":42,"column":12},"end":{"line":42,"column":13}},"loc":{"start":{"line":42,"column":18},"end":{"line":44,"column":3}},"line":42},"2":{"name":"(anonymous_2)","decl":{"start":{"line":47,"column":34},"end":{"line":47,"column":35}},"loc":{"start":{"line":47,"column":46},"end":{"line":55,"column":3}},"line":47},"3":{"name":"(anonymous_3)","decl":{"start":{"line":58,"column":36},"end":{"line":58,"column":37}},"loc":{"start":{"line":58,"column":48},"end":{"line":84,"column":3}},"line":58},"4":{"name":"(anonymous_4)","decl":{"start":{"line":71,"column":23},"end":{"line":71,"column":24}},"loc":{"start":{"line":71,"column":29},"end":{"line":71,"column":51}},"line":71},"5":{"name":"(anonymous_5)","decl":{"start":{"line":87,"column":29},"end":{"line":87,"column":30}},"loc":{"start":{"line":87,"column":35},"end":{"line":99,"column":3}},"line":87},"6":{"name":"(anonymous_6)","decl":{"start":{"line":89,"column":6},"end":{"line":89,"column":7}},"loc":{"start":{"line":89,"column":18},"end":{"line":92,"column":7}},"line":89},"7":{"name":"(anonymous_7)","decl":{"start":{"line":93,"column":6},"end":{"line":93,"column":7}},"loc":{"start":{"line":93,"column":15},"end":{"line":96,"column":7}},"line":93},"8":{"name":"(anonymous_8)","decl":{"start":{"line":102,"column":12},"end":{"line":102,"column":13}},"loc":{"start":{"line":102,"column":18},"end":{"line":151,"column":3}},"line":102},"9":{"name":"(anonymous_9)","decl":{"start":{"line":103,"column":26},"end":{"line":103,"column":27}},"loc":{"start":{"line":103,"column":38},"end":{"line":146,"column":5}},"line":103},"10":{"name":"(anonymous_10)","decl":{"start":{"line":120,"column":10},"end":{"line":120,"column":11}},"loc":{"start":{"line":121,"column":12},"end":{"line":124,"column":53}},"line":121},"11":{"name":"(anonymous_11)","decl":{"start":{"line":193,"column":34},"end":{"line":193,"column":35}},"loc":{"start":{"line":194,"column":16},"end":{"line":209,"column":23}},"line":194},"12":{"name":"(anonymous_12)","decl":{"start":{"line":198,"column":27},"end":{"line":198,"column":28}},"loc":{"start":{"line":198,"column":33},"end":{"line":198,"column":78}},"line":198},"13":{"name":"(anonymous_13)","decl":{"start":{"line":225,"column":34},"end":{"line":225,"column":35}},"loc":{"start":{"line":226,"column":16},"end":{"line":242,"column":23}},"line":226},"14":{"name":"(anonymous_14)","decl":{"start":{"line":258,"column":32},"end":{"line":258,"column":33}},"loc":{"start":{"line":259,"column":16},"end":{"line":274,"column":23}},"line":259},"15":{"name":"(anonymous_15)","decl":{"start":{"line":263,"column":27},"end":{"line":263,"column":28}},"loc":{"start":{"line":263,"column":33},"end":{"line":263,"column":78}},"line":263},"16":{"name":"handleCheckIn","decl":{"start":{"line":283,"column":17},"end":{"line":283,"column":30}},"loc":{"start":{"line":283,"column":40},"end":{"line":306,"column":3}},"line":283}},"branchMap":{"0":{"loc":{"start":{"line":50,"column":4},"end":{"line":54,"column":5}},"type":"if","locations":[{"start":{"line":50,"column":4},"end":{"line":54,"column":5}},{"start":{"line":52,"column":11},"end":{"line":54,"column":5}}],"line":50},"1":{"loc":{"start":{"line":61,"column":6},"end":{"line":80,"column":7}},"type":"if","locations":[{"start":{"line":61,"column":6},"end":{"line":80,"column":7}},{"start":{"line":64,"column":13},"end":{"line":80,"column":7}}],"line":61},"2":{"loc":{"start":{"line":113,"column":8},"end":{"line":115,"column":9}},"type":"if","locations":[{"start":{"line":113,"column":8},"end":{"line":115,"column":9}},{"start":{},"end":{}}],"line":113},"3":{"loc":{"start":{"line":113,"column":12},"end":{"line":113,"column":66}},"type":"binary-expr","locations":[{"start":{"line":113,"column":12},"end":{"line":113,"column":36}},{"start":{"line":113,"column":40},"end":{"line":113,"column":66}}],"line":113},"4":{"loc":{"start":{"line":121,"column":12},"end":{"line":124,"column":53}},"type":"binary-expr","locations":[{"start":{"line":121,"column":12},"end":{"line":121,"column":43}},{"start":{"line":122,"column":13},"end":{"line":122,"column":17}},{"start":{"line":123,"column":14},"end":{"line":123,"column":41}},{"start":{"line":124,"column":14},"end":{"line":124,"column":52}}],"line":121},"5":{"loc":{"start":{"line":128,"column":8},"end":{"line":135,"column":9}},"type":"if","locations":[{"start":{"line":128,"column":8},"end":{"line":135,"column":9}},{"start":{},"end":{}}],"line":128},"6":{"loc":{"start":{"line":132,"column":10},"end":{"line":134,"column":11}},"type":"if","locations":[{"start":{"line":132,"column":10},"end":{"line":134,"column":11}},{"start":{},"end":{}}],"line":132},"7":{"loc":{"start":{"line":148,"column":4},"end":{"line":150,"column":5}},"type":"if","locations":[{"start":{"line":148,"column":4},"end":{"line":150,"column":5}},{"start":{},"end":{}}],"line":148},"8":{"loc":{"start":{"line":154,"column":4},"end":{"line":160,"column":7}},"type":"if","locations":[{"start":{"line":154,"column":4},"end":{"line":160,"column":7}},{"start":{},"end":{}}],"line":154},"9":{"loc":{"start":{"line":162,"column":6},"end":{"line":168,"column":7}},"type":"if","locations":[{"start":{"line":162,"column":6},"end":{"line":168,"column":7}},{"start":{},"end":{}}],"line":162},"10":{"loc":{"start":{"line":207,"column":21},"end":{"line":207,"column":51}},"type":"binary-expr","locations":[{"start":{"line":207,"column":21},"end":{"line":207,"column":39}},{"start":{"line":207,"column":43},"end":{"line":207,"column":51}}],"line":207},"11":{"loc":{"start":{"line":284,"column":4},"end":{"line":287,"column":5}},"type":"if","locations":[{"start":{"line":284,"column":4},"end":{"line":287,"column":5}},{"start":{},"end":{}}],"line":284},"12":{"loc":{"start":{"line":296,"column":6},"end":{"line":301,"column":7}},"type":"if","locations":[{"start":{"line":296,"column":6},"end":{"line":301,"column":7}},{"start":{"line":299,"column":13},"end":{"line":301,"column":7}}],"line":296}},"s":{"0":0,"1":0,"2":0,"3":0,"4":0,"5":0,"6":0,"7":0,"8":0,"9":0,"10":0,"11":0,"12":0,"13":0,"14":0,"15":0,"16":0,"17":0,"18":0,"19":0,"20":0,"21":0,"22":0,"23":0,"24":0,"25":0,"26":0,"27":0,"28":0,"29":0,"30":0,"31":0,"32":0,"33":0,"34":0,"35":0,"36":0,"37":0,"38":0,"39":0,"40":0,"41":0,"42":0,"43":0,"44":0,"45":0,"46":0,"47":0,"48":0,"49":0,"50":0,"51":0,"52":0,"53":0,"54":0,"55":0,"56":0,"57":0,"58":0,"59":0,"60":0,"61":0,"62":0,"63":0,"64":0,"65":0,"66":0,"67":0,"68":0,"69":0,"70":0,"71":0,"72":0,"73":0,"74":0,"75":0,"76":0,"77":0,"78":0,"79":0},"f":{"0":0,"1":0,"2":0,"3":0,"4":0,"5":0,"6":0,"7":0,"8":0,"9":0,"10":0,"11":0,"12":0,"13":0,"14":0,"15":0,"16":0},"b":{"0":[0,0],"1":[0,0],"2":[0,0],"3":[0,0],"4":[0,0,0,0],"5":[0,0],"6":[0,0],"7":[0,0],"8":[0,0],"9":[0,0],"10":[0,0],"11":[0,0],"12":[0,0]}}
,"/Users/arveanlabib/Documents/NightVibes/NightVibesUI/src/LoadingScreen.js": {"path":"/Users/arveanlabib/Documents/NightVibes/NightVibesUI/src/LoadingScreen.js","statementMap":{"0":{"start":{"line":8,"column":2},"end":{"line":25,"column":4}},"1":{"start":{"line":28,"column":15},"end":{"line":56,"column":2}}},"fnMap":{"0":{"name":"LoadingScreen","decl":{"start":{"line":7,"column":24},"end":{"line":7,"column":37}},"loc":{"start":{"line":7,"column":40},"end":{"line":26,"column":1}},"line":7}},"branchMap":{},"s":{"0":0,"1":0},"f":{"0":0},"b":{}}
,"/Users/arveanlabib/Documents/NightVibes/NightVibesUI/src/LoginScreen.js": {"path":"/Users/arveanlabib/Documents/NightVibes/NightVibesUI/src/LoginScreen.js","statementMap":{"0":{"start":{"line":21,"column":34},"end":{"line":21,"column":46}},"1":{"start":{"line":22,"column":34},"end":{"line":22,"column":46}},"2":{"start":{"line":24,"column":30},"end":{"line":24,"column":42}},"3":{"start":{"line":26,"column":49},"end":{"line":26,"column":72}},"4":{"start":{"line":29,"column":23},"end":{"line":42,"column":3}},"5":{"start":{"line":30,"column":22},"end":{"line":30,"column":24}},"6":{"start":{"line":32,"column":4},"end":{"line":34,"column":5}},"7":{"start":{"line":33,"column":6},"end":{"line":33,"column":50}},"8":{"start":{"line":36,"column":4},"end":{"line":38,"column":5}},"9":{"start":{"line":37,"column":6},"end":{"line":37,"column":50}},"10":{"start":{"line":40,"column":4},"end":{"line":40,"column":25}},"11":{"start":{"line":41,"column":4},"end":{"line":41,"column":47}},"12":{"start":{"line":45,"column":22},"end":{"line":53,"column":3}},"13":{"start":{"line":46,"column":4},"end":{"line":52,"column":5}},"14":{"start":{"line":47,"column":6},"end":{"line":51,"column":7}},"15":{"start":{"line":48,"column":8},"end":{"line":48,"column":40}},"16":{"start":{"line":56,"column":2},"end":{"line":151,"column":4}},"17":{"start":{"line":87,"column":18},"end":{"line":87,"column":36}},"18":{"start":{"line":88,"column":18},"end":{"line":88,"column":69}},"19":{"start":{"line":88,"column":39},"end":{"line":88,"column":66}},"20":{"start":{"line":107,"column":18},"end":{"line":107,"column":36}},"21":{"start":{"line":108,"column":18},"end":{"line":108,"column":69}},"22":{"start":{"line":108,"column":39},"end":{"line":108,"column":66}},"23":{"start":{"line":123,"column":29},"end":{"line":123,"column":66}},"24":{"start":{"line":143,"column":31},"end":{"line":143,"column":62}},"25":{"start":{"line":155,"column":15},"end":{"line":240,"column":2}}},"fnMap":{"0":{"name":"LoginScreen","decl":{"start":{"line":19,"column":24},"end":{"line":19,"column":35}},"loc":{"start":{"line":19,"column":52},"end":{"line":152,"column":1}},"line":19},"1":{"name":"(anonymous_1)","decl":{"start":{"line":29,"column":23},"end":{"line":29,"column":24}},"loc":{"start":{"line":29,"column":29},"end":{"line":42,"column":3}},"line":29},"2":{"name":"(anonymous_2)","decl":{"start":{"line":45,"column":22},"end":{"line":45,"column":23}},"loc":{"start":{"line":45,"column":34},"end":{"line":53,"column":3}},"line":45},"3":{"name":"(anonymous_3)","decl":{"start":{"line":86,"column":30},"end":{"line":86,"column":31}},"loc":{"start":{"line":86,"column":40},"end":{"line":89,"column":17}},"line":86},"4":{"name":"(anonymous_4)","decl":{"start":{"line":88,"column":28},"end":{"line":88,"column":29}},"loc":{"start":{"line":88,"column":39},"end":{"line":88,"column":66}},"line":88},"5":{"name":"(anonymous_5)","decl":{"start":{"line":106,"column":30},"end":{"line":106,"column":31}},"loc":{"start":{"line":106,"column":40},"end":{"line":109,"column":17}},"line":106},"6":{"name":"(anonymous_6)","decl":{"start":{"line":108,"column":28},"end":{"line":108,"column":29}},"loc":{"start":{"line":108,"column":39},"end":{"line":108,"column":66}},"line":108},"7":{"name":"(anonymous_7)","decl":{"start":{"line":123,"column":23},"end":{"line":123,"column":24}},"loc":{"start":{"line":123,"column":29},"end":{"line":123,"column":66}},"line":123},"8":{"name":"(anonymous_8)","decl":{"start":{"line":143,"column":25},"end":{"line":143,"column":26}},"loc":{"start":{"line":143,"column":31},"end":{"line":143,"column":62}},"line":143}},"branchMap":{"0":{"loc":{"start":{"line":32,"column":4},"end":{"line":34,"column":5}},"type":"if","locations":[{"start":{"line":32,"column":4},"end":{"line":34,"column":5}},{"start":{},"end":{}}],"line":32},"1":{"loc":{"start":{"line":36,"column":4},"end":{"line":38,"column":5}},"type":"if","locations":[{"start":{"line":36,"column":4},"end":{"line":38,"column":5}},{"start":{},"end":{}}],"line":36},"2":{"loc":{"start":{"line":46,"column":4},"end":{"line":52,"column":5}},"type":"if","locations":[{"start":{"line":46,"column":4},"end":{"line":52,"column":5}},{"start":{},"end":{}}],"line":46},"3":{"loc":{"start":{"line":59,"column":18},"end":{"line":59,"column":62}},"type":"cond-expr","locations":[{"start":{"line":59,"column":42},"end":{"line":59,"column":51}},{"start":{"line":59,"column":54},"end":{"line":59,"column":62}}],"line":59},"4":{"loc":{"start":{"line":70,"column":11},"end":{"line":75,"column":11}},"type":"binary-expr","locations":[{"start":{"line":70,"column":11},"end":{"line":70,"column":20}},{"start":{"line":71,"column":12},"end":{"line":74,"column":19}}],"line":70},"5":{"loc":{"start":{"line":83,"column":38},"end":{"line":83,"column":74}},"type":"binary-expr","locations":[{"start":{"line":83,"column":38},"end":{"line":83,"column":53}},{"start":{"line":83,"column":57},"end":{"line":83,"column":74}}],"line":83},"6":{"loc":{"start":{"line":94,"column":15},"end":{"line":96,"column":15}},"type":"binary-expr","locations":[{"start":{"line":94,"column":15},"end":{"line":94,"column":30}},{"start":{"line":95,"column":16},"end":{"line":95,"column":74}}],"line":94},"7":{"loc":{"start":{"line":103,"column":38},"end":{"line":103,"column":74}},"type":"binary-expr","locations":[{"start":{"line":103,"column":38},"end":{"line":103,"column":53}},{"start":{"line":103,"column":57},"end":{"line":103,"column":74}}],"line":103},"8":{"loc":{"start":{"line":113,"column":15},"end":{"line":115,"column":15}},"type":"binary-expr","locations":[{"start":{"line":113,"column":15},"end":{"line":113,"column":30}},{"start":{"line":114,"column":16},"end":{"line":114,"column":74}}],"line":113},"9":{"loc":{"start":{"line":130,"column":21},"end":{"line":130,"column":60}},"type":"cond-expr","locations":[{"start":{"line":130,"column":33},"end":{"line":130,"column":48}},{"start":{"line":130,"column":51},"end":{"line":130,"column":60}}],"line":130}},"s":{"0":0,"1":0,"2":0,"3":0,"4":0,"5":0,"6":0,"7":0,"8":0,"9":0,"10":0,"11":0,"12":0,"13":0,"14":0,"15":0,"16":0,"17":0,"18":0,"19":0,"20":0,"21":0,"22":0,"23":0,"24":0,"25":0},"f":{"0":0,"1":0,"2":0,"3":0,"4":0,"5":0,"6":0,"7":0,"8":0},"b":{"0":[0,0],"1":[0,0],"2":[0,0],"3":[0,0],"4":[0,0],"5":[0,0],"6":[0,0],"7":[0,0],"8":[0,0],"9":[0,0]}}
,"/Users/arveanlabib/Documents/NightVibes/NightVibesUI/src/MainNavigator.js": {"path":"/Users/arveanlabib/Documents/NightVibes/NightVibesUI/src/MainNavigator.js","statementMap":{"0":{"start":{"line":33,"column":12},"end":{"line":33,"column":38}},"1":{"start":{"line":34,"column":14},"end":{"line":34,"column":36}},"2":{"start":{"line":37,"column":22},"end":{"line":51,"column":1}},"3":{"start":{"line":58,"column":20},"end":{"line":91,"column":1}},"4":{"start":{"line":59,"column":2},"end":{"line":90,"column":20}},"5":{"start":{"line":98,"column":19},"end":{"line":113,"column":1}},"6":{"start":{"line":99,"column":2},"end":{"line":112,"column":20}},"7":{"start":{"line":110,"column":31},"end":{"line":110,"column":78}},"8":{"start":{"line":120,"column":26},"end":{"line":135,"column":1}},"9":{"start":{"line":121,"column":2},"end":{"line":134,"column":20}},"10":{"start":{"line":137,"column":21},"end":{"line":145,"column":1}},"11":{"start":{"line":138,"column":2},"end":{"line":144,"column":20}},"12":{"start":{"line":147,"column":21},"end":{"line":160,"column":1}},"13":{"start":{"line":148,"column":4},"end":{"line":159,"column":22}},"14":{"start":{"line":168,"column":2},"end":{"line":230,"column":4}},"15":{"start":{"line":185,"column":43},"end":{"line":185,"column":77}},"16":{"start":{"line":193,"column":43},"end":{"line":193,"column":76}},"17":{"start":{"line":201,"column":43},"end":{"line":201,"column":81}},"18":{"start":{"line":209,"column":43},"end":{"line":209,"column":78}},"19":{"start":{"line":218,"column":43},"end":{"line":218,"column":77}},"20":{"start":{"line":226,"column":43},"end":{"line":226,"column":77}}},"fnMap":{"0":{"name":"(anonymous_0)","decl":{"start":{"line":58,"column":20},"end":{"line":58,"column":21}},"loc":{"start":{"line":59,"column":2},"end":{"line":90,"column":20}},"line":59},"1":{"name":"(anonymous_1)","decl":{"start":{"line":98,"column":19},"end":{"line":98,"column":20}},"loc":{"start":{"line":99,"column":2},"end":{"line":112,"column":20}},"line":99},"2":{"name":"(anonymous_2)","decl":{"start":{"line":110,"column":15},"end":{"line":110,"column":16}},"loc":{"start":{"line":110,"column":31},"end":{"line":110,"column":78}},"line":110},"3":{"name":"(anonymous_3)","decl":{"start":{"line":120,"column":26},"end":{"line":120,"column":27}},"loc":{"start":{"line":121,"column":2},"end":{"line":134,"column":20}},"line":121},"4":{"name":"(anonymous_4)","decl":{"start":{"line":137,"column":21},"end":{"line":137,"column":22}},"loc":{"start":{"line":138,"column":2},"end":{"line":144,"column":20}},"line":138},"5":{"name":"(anonymous_5)","decl":{"start":{"line":147,"column":21},"end":{"line":147,"column":22}},"loc":{"start":{"line":148,"column":4},"end":{"line":159,"column":22}},"line":148},"6":{"name":"MainNavigator","decl":{"start":{"line":167,"column":24},"end":{"line":167,"column":37}},"loc":{"start":{"line":167,"column":40},"end":{"line":231,"column":1}},"line":167},"7":{"name":"(anonymous_7)","decl":{"start":{"line":185,"column":22},"end":{"line":185,"column":23}},"loc":{"start":{"line":185,"column":43},"end":{"line":185,"column":77}},"line":185},"8":{"name":"(anonymous_8)","decl":{"start":{"line":193,"column":22},"end":{"line":193,"column":23}},"loc":{"start":{"line":193,"column":43},"end":{"line":193,"column":76}},"line":193},"9":{"name":"(anonymous_9)","decl":{"start":{"line":201,"column":22},"end":{"line":201,"column":23}},"loc":{"start":{"line":201,"column":43},"end":{"line":201,"column":81}},"line":201},"10":{"name":"(anonymous_10)","decl":{"start":{"line":209,"column":22},"end":{"line":209,"column":23}},"loc":{"start":{"line":209,"column":43},"end":{"line":209,"column":78}},"line":209},"11":{"name":"(anonymous_11)","decl":{"start":{"line":218,"column":22},"end":{"line":218,"column":23}},"loc":{"start":{"line":218,"column":43},"end":{"line":218,"column":77}},"line":218},"12":{"name":"(anonymous_12)","decl":{"start":{"line":226,"column":22},"end":{"line":226,"column":23}},"loc":{"start":{"line":226,"column":43},"end":{"line":226,"column":77}},"line":226}},"branchMap":{"0":{"loc":{"start":{"line":110,"column":40},"end":{"line":110,"column":76}},"type":"binary-expr","locations":[{"start":{"line":110,"column":40},"end":{"line":110,"column":65}},{"start":{"line":110,"column":69},"end":{"line":110,"column":76}}],"line":110}},"s":{"0":0,"1":0,"2":0,"3":0,"4":0,"5":0,"6":0,"7":0,"8":0,"9":0,"10":0,"11":0,"12":0,"13":0,"14":0,"15":0,"16":0,"17":0,"18":0,"19":0,"20":0},"f":{"0":0,"1":0,"2":0,"3":0,"4":0,"5":0,"6":0,"7":0,"8":0,"9":0,"10":0,"11":0,"12":0},"b":{"0":[0,0]}}
,"/Users/arveanlabib/Documents/NightVibes/NightVibesUI/src/MapScreen.js": {"path":"/Users/arveanlabib/Documents/NightVibes/NightVibesUI/src/MapScreen.js","statementMap":{"0":{"start":{"line":18,"column":18},"end":{"line":492,"column":1}},"1":{"start":{"line":19,"column":29},"end":{"line":19,"column":39}},"2":{"start":{"line":20,"column":36},"end":{"line":24,"column":6}},"3":{"start":{"line":25,"column":32},"end":{"line":25,"column":44}},"4":{"start":{"line":26,"column":34},"end":{"line":26,"column":46}},"5":{"start":{"line":27,"column":44},"end":{"line":27,"column":58}},"6":{"start":{"line":28,"column":44},"end":{"line":28,"column":58}},"7":{"start":{"line":29,"column":70},"end":{"line":29,"column":85}},"8":{"start":{"line":30,"column":52},"end":{"line":30,"column":67}},"9":{"start":{"line":31,"column":42},"end":{"line":31,"column":56}},"10":{"start":{"line":32,"column":52},"end":{"line":32,"column":67}},"11":{"start":{"line":33,"column":42},"end":{"line":33,"column":56}},"12":{"start":{"line":34,"column":34},"end":{"line":34,"column":48}},"13":{"start":{"line":35,"column":42},"end":{"line":35,"column":54}},"14":{"start":{"line":36,"column":19},"end":{"line":36,"column":31}},"15":{"start":{"line":37,"column":23},"end":{"line":37,"column":38}},"16":{"start":{"line":38,"column":21},"end":{"line":38,"column":44}},"17":{"start":{"line":39,"column":42},"end":{"line":39,"column":57}},"18":{"start":{"line":40,"column":48},"end":{"line":40,"column":62}},"19":{"start":{"line":41,"column":48},"end":{"line":41,"column":63}},"20":{"start":{"line":44,"column":19},"end":{"line":44,"column":48}},"21":{"start":{"line":46,"column":21},"end":{"line":46,"column":100}},"22":{"start":{"line":48,"column":4},"end":{"line":50,"column":11}},"23":{"start":{"line":49,"column":8},"end":{"line":49,"column":34}},"24":{"start":{"line":52,"column":4},"end":{"line":56,"column":36}},"25":{"start":{"line":53,"column":8},"end":{"line":55,"column":9}},"26":{"start":{"line":54,"column":12},"end":{"line":54,"column":33}},"27":{"start":{"line":58,"column":4},"end":{"line":78,"column":23}},"28":{"start":{"line":59,"column":25},"end":{"line":76,"column":9}},"29":{"start":{"line":60,"column":12},"end":{"line":75,"column":13}},"30":{"start":{"line":61,"column":16},"end":{"line":61,"column":33}},"31":{"start":{"line":62,"column":50},"end":{"line":65,"column":18}},"32":{"start":{"line":66,"column":16},"end":{"line":66,"column":43}},"33":{"start":{"line":67,"column":16},"end":{"line":67,"column":45}},"34":{"start":{"line":70,"column":16},"end":{"line":70,"column":60}},"35":{"start":{"line":71,"column":16},"end":{"line":71,"column":105}},"36":{"start":{"line":74,"column":16},"end":{"line":74,"column":34}},"37":{"start":{"line":77,"column":8},"end":{"line":77,"column":19}},"38":{"start":{"line":80,"column":4},"end":{"line":105,"column":23}},"39":{"start":{"line":81,"column":37},"end":{"line":100,"column":9}},"40":{"start":{"line":82,"column":12},"end":{"line":82,"column":38}},"41":{"start":{"line":82,"column":31},"end":{"line":82,"column":38}},"42":{"start":{"line":83,"column":12},"end":{"line":99,"column":13}},"43":{"start":{"line":84,"column":33},"end":{"line":84,"column":152}},"44":{"start":{"line":86,"column":16},"end":{"line":95,"column":19}},"45":{"start":{"line":87,"column":39},"end":{"line":87,"column":55}},"46":{"start":{"line":88,"column":20},"end":{"line":93,"column":23}},"47":{"start":{"line":89,"column":38},"end":{"line":89,"column":89}},"48":{"start":{"line":89,"column":64},"end":{"line":89,"column":88}},"49":{"start":{"line":90,"column":24},"end":{"line":92,"column":25}},"50":{"start":{"line":91,"column":28},"end":{"line":91,"column":61}},"51":{"start":{"line":94,"column":20},"end":{"line":94,"column":38}},"52":{"start":{"line":98,"column":16},"end":{"line":98,"column":73}},"53":{"start":{"line":102,"column":27},"end":{"line":102,"column":67}},"54":{"start":{"line":104,"column":8},"end":{"line":104,"column":47}},"55":{"start":{"line":104,"column":21},"end":{"line":104,"column":46}},"56":{"start":{"line":107,"column":36},"end":{"line":115,"column":5}},"57":{"start":{"line":108,"column":33},"end":{"line":108,"column":82}},"58":{"start":{"line":110,"column":8},"end":{"line":114,"column":9}},"59":{"start":{"line":111,"column":12},"end":{"line":111,"column":47}},"60":{"start":{"line":113,"column":12},"end":{"line":113,"column":40}},"61":{"start":{"line":117,"column":38},"end":{"line":143,"column":5}},"62":{"start":{"line":118,"column":8},"end":{"line":142,"column":9}},"63":{"start":{"line":119,"column":28},"end":{"line":119,"column":79}},"64":{"start":{"line":120,"column":12},"end":{"line":139,"column":13}},"65":{"start":{"line":121,"column":16},"end":{"line":121,"column":51}},"66":{"start":{"line":122,"column":16},"end":{"line":122,"column":37}},"67":{"start":{"line":124,"column":16},"end":{"line":137,"column":18}},"68":{"start":{"line":130,"column":43},"end
[...]
,"column":11}},{"start":{},"end":{}}],"line":53},"4":{"loc":{"start":{"line":81,"column":4},"end":{"line":81,"column":58}},"type":"if","locations":[{"start":{"line":81,"column":4},"end":{"line":81,"column":58}},{"start":{},"end":{}}],"line":81},"5":{"loc":{"start":{"line":81,"column":8},"end":{"line":81,"column":49}},"type":"binary-expr","locations":[{"start":{"line":81,"column":8},"end":{"line":81,"column":26}},{"start":{"line":81,"column":30},"end":{"line":81,"column":49}}],"line":81},"6":{"loc":{"start":{"line":92,"column":4},"end":{"line":94,"column":96}},"type":"binary-expr","locations":[{"start":{"line":92,"column":4},"end":{"line":92,"column":64}},{"start":{"line":93,"column":4},"end":{"line":93,"column":68}},{"start":{"line":94,"column":5},"end":{"line":94,"column":23}},{"start":{"line":94,"column":27},"end":{"line":94,"column":95}}],"line":92},"7":{"loc":{"start":{"line":100,"column":6},"end":{"line":102,"column":7}},"type":"if","locations":[{"start":{"line":100,"column":6},"end":{"line":102,"column":7}},{"start":{},"end":{}}],"line":100},"8":{"loc":{"start":{"line":101,"column":16},"end":{"line":101,"column":39}},"type":"binary-expr","locations":[{"start":{"line":101,"column":16},"end":{"line":101,"column":34}},{"start":{"line":101,"column":38},"end":{"line":101,"column":39}}],"line":101},"9":{"loc":{"start":{"line":101,"column":44},"end":{"line":101,"column":67}},"type":"binary-expr","locations":[{"start":{"line":101,"column":44},"end":{"line":101,"column":62}},{"start":{"line":101,"column":66},"end":{"line":101,"column":67}}],"line":101}},"s":{"0":0,"1":0,"2":0,"3":0,"4":0,"5":0,"6":0,"7":0,"8":0,"9":0,"10":0,"11":0,"12":0,"13":0,"14":0,"15":0,"16":0,"17":0,"18":0,"19":0,"20":0,"21":0,"22":0,"23":0,"24":0,"25":0,"26":0,"27":0,"28":0,"29":0,"30":0,"31":0,"32":0,"33":0,"34":0,"35":0,"36":0,"37":0,"38":0,"39":0,"40":0,"41":0,"42":0,"43":0,"44":0,"45":0,"46":0,"47":0,"48":0,"49":0,"50":0,"51":0,"52":0,"53":0},"f":{"0":0,"1":0,"2":0,"3":0,"4":0,"5":0,"6":0,"7":0,"8":0,"9":0,"10":0,"11":0,"12":0,"13":0},"b":{"0":[0,0],"1":[0,0],"2":[0,0],"3":[0,0],"4":[0,0],"5":[0,0],"6":[0,0,0,0],"7":[0,0],"8":[0,0],"9":[0,0]}}
,"/Users/arveanlabib/Documents/NightVibes/NightVibesUI/src/hooks/useMeetupPings.js": {"path":"/Users/arveanlabib/Documents/NightVibes/NightVibesUI/src/hooks/useMeetupPings.js","statementMap":{"0":{"start":{"line":5,"column":28},"end":{"line":5,"column":40}},"1":{"start":{"line":6,"column":36},"end":{"line":6,"column":50}},"2":{"start":{"line":7,"column":28},"end":{"line":7,"column":42}},"3":{"start":{"line":9,"column":21},"end":{"line":21,"column":8}},"4":{"start":{"line":10,"column":4},"end":{"line":20,"column":5}},"5":{"start":{"line":11,"column":6},"end":{"line":11,"column":25}},"6":{"start":{"line":12,"column":23},"end":{"line":12,"column":58}},"7":{"start":{"line":13,"column":6},"end":{"line":13,"column":30}},"8":{"start":{"line":14,"column":6},"end":{"line":14,"column":21}},"9":{"start":{"line":16,"column":6},"end":{"line":16,"column":46}},"10":{"start":{"line":17,"column":6},"end":{"line":17,"column":57}},"11":{"start":{"line":19,"column":6},"end":{"line":19,"column":26}},"12":{"start":{"line":24,"column":2},"end":{"line":26,"column":19}},"13":{"start":{"line":25,"column":4},"end":{"line":25,"column":17}},"14":{"start":{"line":29,"column":2},"end":{"line":32,"column":19}},"15":{"start":{"line":30,"column":21},"end":{"line":30,"column":51}},"16":{"start":{"line":31,"column":4},"end":{"line":31,"column":41}},"17":{"start":{"line":31,"column":17},"end":{"line":31,"column":40}},"18":{"start":{"line":34,"column":19},"end":{"line":47,"column":3}},"19":{"start":{"line":35,"column":4},"end":{"line":46,"column":5}},"20":{"start":{"line":36,"column":23},"end":{"line":40,"column":8}},"21":{"start":{"line":41,"column":6},"end":{"line":41,"column":55}},"22":{"start":{"line":41,"column":26},"end":{"line":41,"column":53}},"23":{"start":{"line":42,"column":6},"end":{"line":42,"column":27}},"24":{"start":{"line":44,"column":6},"end":{"line":44,"column":55}},"25":{"start":{"line":45,"column":6},"end":{"line":45,"column":16}},"26":{"start":{"line":49,"column":24},"end":{"line":65,"column":3}},"27":{"start":{"line":50,"column":4},"end":{"line":64,"column":5}},"28":{"start":{"line":51,"column":23},"end":{"line":53,"column":8}},"29":{"start":{"line":55,"column":6},"end":{"line":59,"column":8}},"30":{"start":{"line":56,"column":8},"end":{"line":58,"column":9}},"31":{"start":{"line":57,"column":10},"end":{"line":57,"column":92}},"32":{"start":{"line":60,"column":6},"end":{"line":60,"column":27}},"33":{"start":{"line":62,"column":6},"end":{"line":62,"column":61}},"34":{"start":{"line":63,"column":6},"end":{"line":63,"column":16}},"35":{"start":{"line":67,"column":21},"end":{"line":76,"column":3}},"36":{"start":{"line":68,"column":4},"end":{"line":75,"column":5}},"37":{"start":{"line":69,"column":6},"end":{"line":69,"column":55}},"38":{"start":{"line":71,"column":6},"end":{"line":71,"column":70}},"39":{"start":{"line":71,"column":26},"end":{"line":71,"column":68}},"40":{"start":{"line":71,"column":49},"end":{"line":71,"column":67}},"41":{"start":{"line":73,"column":6},"end":{"line":73,"column":57}},"42":{"start":{"line":74,"column":6},"end":{"line":74,"column":16}},"43":{"start":{"line":78,"column":2},"end":{"line":86,"column":4}}},"fnMap":{"0":{"name":"useMeetupPings","decl":{"start":{"line":4,"column":24},"end":{"line":4,"column":38}},"loc":{"start":{"line":4,"column":41},"end":{"line":87,"column":1}},"line":4},"1":{"name":"(anonymous_1)","decl":{"start":{"line":9,"column":33},"end":{"line":9,"column":34}},"loc":{"start":{"line":9,"column":45},"end":{"line":21,"column":3}},"line":9},"2":{"name":"(anonymous_2)","decl":{"start":{"line":24,"column":12},"end":{"line":24,"column":13}},"loc":{"start":{"line":24,"column":18},"end":{"line":26,"column":3}},"line":24},"3":{"name":"(anonymous_3)","decl":{"start":{"line":29,"column":12},"end":{"line":29,"column":13}},"loc":{"start":{"line":29,"column":18},"end":{"line":32,"column":3}},"line":29},"4":{"name":"(anonymous_4)","decl":{"start":{"line":31,"column":11},"end":{"line":31,"column":12}},"loc":{"start":{"line":31,"column":17},"end":{"line":31,"column":40}},"line":31},"5":{"name":"(anonymous_5)","decl":{"start":{"line":34,"column":19},"end":{"line":34,"column":20}},"loc":{"start":{"line":34,"column":59},"end":{"line":47,"column":3}},"line":34},"6":{"name":"(anonymous_6)","decl":{"start":{"line":41,"column":15},"end":{"line":41,"column":16}},"loc":{"start":{"line":41,"column":26},"end":{"line":41,"column":53}},"line":41},"7":{"name":"(anonymous_7)","decl":{"start":{"line":49,"column":24},"end":{"line":49,"column":25}},"loc":{"start":{"line":49,"column":67},"end":{"line":65,"column":3}},"line":49},"8":{"name":"(anonymous_8)","decl":{"start":{"line":55,"column":15},"end":{"line":55,"column":16}},"loc":{"start":{"line":56,"column":8},"end":{"line":58,"column":9}},"line":56},"9":{"name":"(anonymous_9)","decl":{"start":{"line":56,"column":20},"end":{"line":56,"column":21}},"loc":{"start":{"line":57,"column":10},"end":{"line":57,"column":92}},"line":57},"10":{"name":"(anonymous_10)","decl":{"start":{"line":67,"column":21},"end":{"line":67,"column":22}},"loc":{"start":{"line":67,"column":39},"end":{"line":76,"column":3}},"line":67},"11":{"name":"(anonymous_11)","decl":{"start":{"line":71,"column":15},"end":{"line":71,"column":16}},"loc":{"start":{"line":71,"column":26},"end":{"line":71,"column":68}},"line":71},"12":{"name":"(anonymous_12)","decl":{"start":{"line":71,"column":41},"end":{"line":71,"column":42}},"loc":{"start":{"line":71,"column":49},"end":{"line":71,"column":67}},"line":71}},"branchMap":{"0":{"loc":{"start":{"line":57,"column":10},"end":{"line":57,"column":92}},"type":"cond-expr","locations":[{"start":{"line":57,"column":31},"end":{"line":57,"column":85}},{"start":{"line":57,"column":88},"end":{"line":57,"column":92}}],"line":57}},"s":{"0":0,"1":0,"2":0,"3":0,"4":0,"5":0,"6":0,"7":0,"8":0,"9":0,"10":0,"11":0,"12":0,"13":0,"14":0,"15":0,"16":0,"17":0,"18":0,"19":0,"20":0,"21":0,"22":0,"23":0,"24":0,"25":0,"26":0,"27":0,"28":0,"29":0,"30":0,"31":0,"32":0,"33":0,"34":0,"35":0,"36":0,"37":0,"38":0,"39":0,"40":0,"41":0,"42":0,"43":0},"f":{"0":0,"1":0,"2":0,"3":0,"4":0,"5":0,"6":0,"7":0,"8":0,"9":0,"10":0,"11":0,"12":0},"b":{"0":[0,0]}}
,"/Users/arveanlabib/Documents/NightVibes/NightVibesUI/src/hooks/useNotifications.js": {"path":"/Users/arveanlabib/Documents/NightVibes/NightVibesUI/src/hooks/useNotifications.js","statementMap":{"0":{"start":{"line":4,"column":34},"end":{"line":10,"column":1}},"1":{"start":{"line":12,"column":25},"end":{"line":99,"column":1}},"2":{"start":{"line":13,"column":44},"end":{"line":13,"column":56}},"3":{"start":{"line":14,"column":36},"end":{"line":14,"column":50}},"4":{"start":{"line":15,"column":28},"end":{"line":15,"column":42}},"5":{"start":{"line":16,"column":40},"end":{"line":16,"column":51}},"6":{"start":{"line":18,"column":29},"end":{"line":31,"column":8}},"7":{"start":{"line":19,"column":4},"end":{"line":30,"column":5}},"8":{"start":{"line":20,"column":6},"end":{"line":20,"column":25}},"9":{"start":{"line":21,"column":6},"end":{"line":21,"column":21}},"10":{"start":{"line":22,"column":18},"end":{"line":22,"column":64}},"11":{"start":{"line":23,"column":6},"end":{"line":23,"column":33}},"12":{"start":{"line":24,"column":6},"end":{"line":24,"column":62}},"13":{"start":{"line":24,"column":42},"end":{"line":24,"column":52}},"14":{"start":{"line":26,"column":6},"end":{"line":26,"column":66}},"15":{"start":{"line":27,"column":6},"end":{"line":27,"column":58}},"16":{"start":{"line":29,"column":6},"end":{"line":29,"column":26}},"17":{"start":{"line":33,"column":21},"end":{"line":43,"column":3}},"18":{"start":{"line":34,"column":4},"end":{"line":42,"column":5}},"19":{"start":{"line":35,"column":6},"end":{"line":35,"column":77}},"20":{"start":{"line":36,"column":6},"end":{"line":38,"column":9}},"21":{"start":{"line":37,"column":8},"end":{"line":37,"column":61}},"22":{"start":{"line":39,"column":6},"end":{"line":39,"column":52}},"23":{"start":{"line":39,"column":29},"end":{"line":39,"column":50}},"24":{"start":{"line":41,"column":6},"end":{"line":41,"column":64}},"25":{"start":{"line":45,"column":24},"end":{"line":53,"column":3}},"26":{"start":{"line":46,"column":4},"end":{"line":52,"column":5}},"27":{"start":{"line":47,"column":6},"end":{"line":47,"column":68}},"28":{"start":{"line":48,"column":6},"end":{"line":48,"column":74}},"29":{"start":{"line":48,"column":47},"end":{"line":48,"column":70}},"30":{"start":{"line":49,"column":6},"end":{"line":49,"column":24}},"31":{"start":{"line":51,"column":6},"end":{"line":51,"column":69}},"32":{"start":{"line":55,"column":29},"end":{"line":65,"column":3}},"33":{"start":{"line":56,"column":4},"end":{"line":64,"column":5}},"34":{"start":{"line":57,"column":6},"end":{"line":57,"column":74}},"35":{"start":{"line":58,"column":6},"end":{"line":58,"column":75}},"36":{"start":{"line":58,"column":49},"end":{"line":58,"column":72}},"37":{"start":{"line":59,"column":6},"end":{"line":61,"column":7}},"38":{"start":{"line":59,"column":35},"end":{"line":59,"column":58}},"39":{"start":{"line":60,"column":8},"end":{"line":60,"column":54}},"40":{"start":{"line":60,"column":31},"end":{"line":60,"column":52}},"41":{"start":{"line":63,"column":6},"end":{"line":63,"column":57}},"42":{"start":{"line":67,"column":19},"end":{"line":75,"column":3}},"43":{"start":{"line":68,"column":4},"end":{"line":74,"column":5}},"44":{"start":{"line":69,"column":6},"end":{"line":69,"column":66}},"45":{"start":{"line":70,"column":6},"end":{"line":70,"column":27}},"46":{"start":{"line":71,"column":6},"end":{"line":71,"column":24}},"47":{"start":{"line":73,"column":6},"end":{"line":73,"column":58}},"48":{"start":{"line":77,"column":28},"end":{"line":85,"column":3}},"49":{"start":{"line":78,"column":4},"end":{"line":84,"column":5}},"50":{"start":{"line":79,"column":6},"end":{"line":79,"column":78}},"51":{"start":{"line":80,"column":6},"end":{"line":80,"column":18}},"52":{"start":{"line":82,"column":6},"end":{"line":82,"column":69}},"53":{"start":{"line":83,"column":6},"end":{"line":83,"column":19}},"54":{"start":{"line":87,"column":2},"end":{"line":98,"column":4}}},"fnMap":{"0":{"name":"(anonymous_0)","decl":{"start":{"line":12,"column":25},"end":{"line":12,"column":26}},"loc":{"start":{"line":12,"column":31},"end":{"line":99,"column":1}},"line":12},"1":{"name":"(anonymous_1)","decl":{"start":{"line":18,"column":41},"end":{"line":18,"column":42}},"loc":{"start":{"line":18,"column":53},"end":{"line":31,"column":3}},"line":18},"2":{"name":"(anonymous_2)","decl":{"start":{"line":24,"column":37},"end":{"line":24,"column":38}},"loc":{"start":{"line":24,"column":42},"end":{"line":24,"column":52}},"line":24},"3":{"name":"(anonymous_3)","decl":{"start":{"line":33,"column":21},"end":{"line":33,"column":22}},"loc":{"start":{"line":33,"column":47},"end":{"line":43,"column":3}},"line":33},"4":{"name":"(anonymous_4)","decl":{"start":{"line":36,"column":41},"end":{"line":36,"column":42}},"loc":{"start":{"line":37,"column":8},"end":{"line":37,"column":61}},"line":37},"5":{"name":"(anonymous_5)","decl":{"start":{"line":39,"column":21},"end":{"line":39,"column":22}},"loc":{"start":{"line":39,"column":29},"end":{"line":39,"column":50}},"line":39},"6":{"name":"(anonymous_6)","decl":{"start":{"line":45,"column":24},"end":{"line":45,"column":25}},"loc":{"start":{"line":45,"column":36},"end":{"line":53,"column":3}},"line":45},"7":{"name":"(anonymous_7)","decl":{"start":{"line":48,"column":41},"end":{"line":48,"column":42}},"loc":{"start":{"line":48,"column":47},"end":{"line":48,"column":70}},"line":48},"8":{"name":"(anonymous_8)","decl":{"start":{"line":55,"column":29},"end":{"line":55,"column":30}},"loc":{"start":{"line":55,"column":55},"end":{"line":65,"column":3}},"line":55},"9":{"name":"(anonymous_9)","decl":{"start":{"line":58,"column":44},"end":{"line":58,"column":45}},"loc":{"start":{"line":58,"column":49},"end":{"line":58,"column":72}},"line":58},"10":{"name":"(anonymous_10)","decl":{"start":{"line":59,"column":30},"end":{"line":59,"column":31}},"loc":{"start":{"line":59,"column":35},"end":{"line":59,"column":58}},"line":59},"11":{"name":"(anonymous_11)","decl":{"start":{"line":60,"column":23},"end":{"line":60,"column":24}},"loc":{"start":{"line":60,"column":31},"end":{"line":60,"column":52}},"line":60},"12":{"name":"(anonymous_12)","decl":{"start":{"line":67,"column":19},"end":{"line":67,"column":20}},"loc":{"start":{"line":67,"column":31},"end":{"line":75,"column":3}},"line":67},"13":{"name":"(anonymous_13)","decl":{"start":{"line":77,"column":28},"end":{"line":77,"column":29}},"loc":{"start":{"line":77,"column":51},"end":{"line":85,"column":3}},"line":77}},"branchMap":{"0":{"loc":{"start":{"line":37,"column":8},"end":{"line":37,"column":61}},"type":"cond-expr","locations":[{"start":{"line":37,"column":34},"end":{"line":37,"column":57}},{"start":{"line":37,"column":60},"end":{"line":37,"column":61}}],"line":37},"1":{"loc":{"start":{"line":59,"column":6},"end":{"line":61,"column":7}},"type":"if","locations":[{"start":{"line":59,"column":6},"end":{"line":61,"column":7}},{"start":{},"end":{}}],"line":59}},"s":{"0":0,"1":0,"2":0,"3":0,"4":0,"5":0,"6":0,"7":0,"8":0,"9":0,"10":0,"11":0,"12":0,"13":0,"14":0,"15":0,"16":0,"17":0,"18":0,"19":0,"20":0,"21":0,"22":0,"23":0,"24":0,"25":0,"26":0,"27":0,"28":0,"29":0,"30":0,"31":0,"32":0,"33":0,"34":0,"35":0,"36":0,"37":0,"38":0,"39":0,"40":0,"41":0,"42":0,"43":0,"44":0,"45":0,"46":0,"47":0,"48":0,"49":0,"50":0,"51":0,"52":0,"53":0,"54":0},"f":{"0":0,"1":0,"2":0,"3":0,"4":0,"5":0,"6":0,"7":0,"8":0,"9":0,"10":0,"11":0,"12":0,"13":0},"b":{"0":[0,0],"1":[0,0]}}
,"/Users/arveanlabib/Documents/NightVibes/NightVibesUI/src/hooks/useVenueRating.js": {"path":"/Users/arveanlabib/Documents/NightVibes/NightVibesUI/src/hooks/useVenueRating.js","statementMap":{"0":{"start":{"line":9,"column":23},"end":{"line":107,"column":1}},"1":{"start":{"line":10,"column":42},"end":{"line":10,"column":57}},"2":{"start":{"line":11,"column":28},"end":{"line":11,"column":42}},"3":{"start":{"line":12,"column":54},"end":{"line":12,"column":69}},"4":{"start":{"line":14,"column":27},"end":{"line":16,"column":3}},"5":{"start":{"line":15,"column":4},"end":{"line":15,"column":32}},"6":{"start":{"line":18,"column":28},"end":{"line":21,"column":3}},"7":{"start":{"line":19,"column":4},"end":{"line":19,"column":33}},"8":{"start":{"line":20,"column":4},"end":{"line":20,"column":19}},"9":{"start":{"line":29,"column":23},"end":{"line":48,"column":3}},"10":{"start":{"line":30,"column":4},"end":{"line":47,"column":5}},"11":{"start":{"line":31,"column":6},"end":{"line":31,"column":28}},"12":{"start":{"line":32,"column":6},"end":{"line":32,"column":21}},"13":{"start":{"line":34,"column":6},"end":{"line":38,"column":9}},"14":{"start":{"line":40,"column":6},"end":{"line":40,"column":35}},"15":{"start":{"line":41,"column":6},"end":{"line":41,"column":18}},"16":{"start":{"line":43,"column":6},"end":{"line":43,"column":42}},"17":{"start":{"line":44,"column":6},"end":{"line":44,"column":19}},"18":{"start":{"line":46,"column":6},"end":{"line":46,"column":29}},"19":{"start":{"line":55,"column":23},"end":{"line":74,"column":3}},"20":{"start":{"line":56,"column":4},"end":{"line":73,"column":5}},"21":{"start":{"line":57,"column":6},"end":{"line":57,"column":28}},"22":{"start":{"line":58,"column":6},"end":{"line":58,"column":21}},"23":{"start":{"line":60,"column":6},"end":{"line":64,"column":9}},"24":{"start":{"line":66,"column":6},"end":{"line":66,"column":35}},"25":{"start":{"line":67,"column":6},"end":{"line":67,"column":18}},"26":{"start":{"line":69,"column":6},"end":{"line":69,"column":42}},"27":{"start":{"line":70,"column":6},"end":{"line":70,"column":19}},"28":{"start":{"line":72,"column":6},"end":{"line":72,"column":29}},"29":{"start":{"line":80,"column":23},"end":{"line":94,"column":3}},"30":{"start":{"line":81,"column":4},"end":{"line":93,"column":5}},"31":{"start":{"line":82,"column":6},"end":{"line":82,"column":28}},"32":{"start":{"line":83,"column":6},"end":{"line":83,"column":21}},"33":{"start":{"line":85,"column":6},"end":{"line":85,"column":76}},"34":{"start":{"line":87,"column":6},"end":{"line":87,"column":18}},"35":{"start":{"line":89,"column":6},"end":{"line":89,"column":42}},"36":{"start":{"line":90,"column":6},"end":{"line":90,"column":19}},"37":{"start":{"line":92,"column":6},"end":{"line":92,"column":29}},"38":{"start":{"line":96,"column":2},"end":{"line":106,"column":4}}},"fnMap":{"0":{"name":"(anonymous_0)","decl":{"start":{"line":9,"column":23},"end":{"line":9,"column":24}},"loc":{"start":{"line":9,"column":34},"end":{"line":107,"column":1}},"line":9},"1":{"name":"(anonymous_1)","decl":{"start":{"line":14,"column":27},"end":{"line":14,"column":28}},"loc":{"start":{"line":14,"column":33},"end":{"line":16,"column":3}},"line":14},"2":{"name":"(anonymous_2)","decl":{"start":{"line":18,"column":28},"end":{"line":18,"column":29}},"loc":{"start":{"line":18,"column":34},"end":{"line":21,"column":3}},"line":18},"3":{"name":"(anonymous_3)","decl":{"start":{"line":29,"column":23},"end":{"line":29,"column":24}},"loc":{"start":{"line":29,"column":45},"end":{"line":48,"column":3}},"line":29},"4":{"name":"(anonymous_4)","decl":{"start":{"line":55,"column":23},"end":{"line":55,"column":24}},"loc":{"start":{"line":55,"column":55},"end":{"line":74,"column":3}},"line":55},"5":{"name":"(anonymous_5)","decl":{"start":{"line":80,"column":23},"end":{"line":80,"column":24}},"loc":{"start":{"line":80,"column":43},"end":{"line":94,"column":3}},"line":80}},"branchMap":{},"s":{"0":0,"1":0,"2":0,"3":0,"4":0,"5":0,"6":0,"7":0,"8":0,"9":0,"10":0,"11":0,"12":0,"13":0,"14":0,"15":0,"16":0,"17":0,"18":0,"19":0,"20":0,"21":0,"22":0,"23":0,"24":0,"25":0,"26":0,"27":0,"28":0,"29":0,"30":0,"31":0,"32":0,"33":0,"34":0,"35":0,"36":0,"37":0,"38":0},"f":{"0":0,"1":0,"2":0,"3":0,"4":0,"5":0},"b":{}}
}
