TN:
SF:src/AuthContext.js
FN:8,(anonymous_0)
FN:15,(anonymous_1)
FN:16,(anonymous_2)
FN:18,(anonymous_3)
FN:19,(anonymous_4)
FN:60,(anonymous_5)
FN:83,(anonymous_6)
FN:126,(anonymous_7)
FN:152,(anonymous_8)
FN:165,(anonymous_9)
FN:166,(anonymous_10)
FNF:11
FNH:5
FNDA:18,(anonymous_0)
FNDA:9,(anonymous_1)
FNDA:9,(anonymous_2)
FNDA:0,(anonymous_3)
FNDA:0,(anonymous_4)
FNDA:0,(anonymous_5)
FNDA:0,(anonymous_6)
FNDA:0,(anonymous_7)
FNDA:0,(anonymous_8)
FNDA:9,(anonymous_9)
FNDA:9,(anonymous_10)
DA:6,5
DA:8,5
DA:9,18
DA:10,18
DA:11,18
DA:12,18
DA:15,18
DA:16,9
DA:17,9
DA:18,0
DA:20,0
DA:23,0
DA:24,0
DA:27,0
DA:29,0
DA:30,0
DA:31,0
DA:32,0
DA:35,0
DA:39,0
DA:42,0
DA:43,0
DA:46,0
DA:47,0
DA:50,0
DA:51,0
DA:57,9
DA:60,18
DA:61,0
DA:62,0
DA:63,0
DA:65,0
DA:72,0
DA:74,0
DA:76,0
DA:77,0
DA:79,0
DA:83,18
DA:84,0
DA:85,0
DA:86,0
DA:88,0
DA:93,0
DA:96,0
DA:97,0
DA:104,0
DA:111,0
DA:112,0
DA:115,0
DA:117,0
DA:119,0
DA:120,0
DA:122,0
DA:126,18
DA:127,0
DA:128,0
DA:131,0
DA:138,0
DA:139,0
DA:140,0
DA:143,0
DA:145,0
DA:147,0
DA:152,18
DA:153,0
DA:155,0
DA:156,0
DA:157,0
DA:158,0
DA:160,0
DA:165,18
DA:166,9
DA:167,9
DA:168,9
DA:173,1
DA:174,0
DA:175,0
DA:177,0
DA:178,0
DA:182,1
DA:183,1
DA:184,0
DA:185,0
DA:189,0
DA:190,0
DA:191,0
DA:192,0
DA:195,0
DA:200,8
DA:202,9
DA:206,9
DA:209,18
LF:92
LH:25
BRDA:23,0,0,0
BRDA:23,0,1,0
BRDA:23,1,0,0
BRDA:23,1,1,0
BRDA:31,2,0,0
BRDA:31,2,1,0
BRDA:76,3,0,0
BRDA:76,3,1,0
BRDA:119,4,0,0
BRDA:119,4,1,0
BRDA:153,5,0,0
BRDA:153,5,1,0
BRDA:173,6,0,0
BRDA:173,6,1,1
BRDA:173,7,0,1
BRDA:173,7,1,0
BRDA:177,8,0,0
BRDA:177,8,1,0
BRDA:183,9,0,0
BRDA:183,9,1,1
BRF:20
BRH:3
end_of_record
TN:
SF:src/AuthNavigator.js
FN:36,AuthNavigator
FNF:1
FNH:1
FNDA:5,AuthNavigator
DA:11,1
DA:13,1
DA:37,5
DA:39,0
DA:40,0
DA:43,0
LF:6
LH:3
BRDA:39,0,0,0
BRDA:39,0,1,0
BRF:2
BRH:0
end_of_record
TN:
SF:src/CheckInScreen.js
FN:8,(anonymous_0)
FN:21,(anonymous_1)
FN:22,(anonymous_2)
FN:34,(anonymous_3)
FN:70,(anonymous_4)
FN:77,(anonymous_5)
FN:88,(anonymous_6)
FN:95,(anonymous_7)
FN:120,(anonymous_8)
FNF:9
FNH:2
FNDA:9,(anonymous_0)
FNDA:0,(anonymous_1)
FNDA:0,(anonymous_2)
FNDA:0,(anonymous_3)
FNDA:0,(anonymous_4)
FNDA:0,(anonymous_5)
FNDA:0,(anonymous_6)
FNDA:0,(anonymous_7)
FNDA:8,(anonymous_8)
DA:8,1
DA:9,9
DA:10,8
DA:11,0
DA:12,0
DA:13,0
DA:15,0
DA:16,0
DA:17,0
DA:18,0
DA:19,0
DA:21,0
DA:22,0
DA:23,0
DA:24,0
DA:25,0
DA:27,0
DA:28,0
DA:31,0
DA:34,0
DA:35,0
DA:36,0
DA:37,0
DA:39,0
DA:40,0
DA:41,0
DA:43,0
DA:44,0
DA:52,0
DA:53,0
DA:54,0
DA:56,0
DA:59,0
DA:60,0
DA:64,0
DA:71,0
DA:77,0
DA:89,0
DA:95,0
DA:120,8
LF:40
LH:4
BRDA:35,0,0,0
BRDA:35,0,1,0
BRDA:39,1,0,0
BRDA:39,1,1,0
BRDA:52,2,0,0
BRDA:52,2,1,0
BRDA:75,3,0,0
BRDA:75,3,1,0
BRDA:81,4,0,0
BRDA:81,4,1,0
BRDA:93,5,0,0
BRDA:93,5,1,0
BRDA:99,6,0,0
BRDA:99,6,1,0
BRF:14
BRH:0
end_of_record
TN:
SF:src/EditProfileScreen.js
FN:8,(anonymous_0)
FN:18,(anonymous_1)
FN:19,(anonymous_2)
FN:40,(anonymous_3)
FN:98,(anonymous_4)
FNF:5
FNH:2
FNDA:9,(anonymous_0)
FNDA:0,(anonymous_1)
FNDA:0,(anonymous_2)
FNDA:0,(anonymous_3)
FNDA:8,(anonymous_4)
DA:8,1
DA:9,9
DA:10,8
DA:11,0
DA:12,0
DA:13,0
DA:14,0
DA:15,0
DA:16,0
DA:18,0
DA:19,0
DA:20,0
DA:21,0
DA:22,0
DA:23,0
DA:25,0
DA:28,0
DA:29,0
DA:31,0
DA:35,0
DA:36,0
DA:40,0
DA:41,0
DA:42,0
DA:43,0
DA:44,0
DA:48,0
DA:49,0
DA:50,0
DA:53,0
DA:57,0
DA:58,0
DA:61,0
DA:65,0
DA:66,0
DA:73,0
DA:74,0
DA:81,0
DA:98,8
LF:39
LH:4
BRDA:22,0,0,0
BRDA:22,0,1,0
BRDA:35,1,0,0
BRDA:35,1,1,0
BRDA:48,2,0,0
BRDA:48,2,1,0
BRDA:65,3,0,0
BRDA:65,3,1,0
BRDA:73,4,0,0
BRDA:73,4,1,0
BRDA:93,5,0,0
BRDA:93,5,1,0
BRF:12
BRH:0
end_of_record
TN:
SF:src/ForgotPasswordScreen.js
FN:8,(anonymous_0)
FN:14,(anonymous_1)
FNF:2
FNH:0
FNDA:0,(anonymous_0)
FNDA:0,(anonymous_1)
DA:8,0
DA:9,0
DA:10,0
DA:11,0
DA:12,0
DA:14,0
DA:15,0
DA:16,0
DA:17,0
DA:18,0
DA:19,0
DA:20,0
DA:22,0
DA:25,0
DA:27,0
DA:31,0
DA:79,0
LF:17
LH:0
BRDA:19,0,0,0
BRDA:19,0,1,0
BRDA:25,1,0,0
BRDA:25,1,1,0
BRDA:34,2,0,0
BRDA:34,2,1,0
BRDA:40,3,0,0
BRDA:40,3,1,0
BRDA:47,4,0,0
BRDA:47,4,1,0
BRDA:69,5,0,0
BRDA:69,5,1,0
BRF:12
BRH:0
end_of_record
TN:
SF:src/FriendActivityScreen.js
FN:8,(anonymous_0)
FN:14,(anonymous_1)
FN:16,(anonymous_2)
FN:29,(anonymous_3)
FN:50,(anonymous_4)
FN:64,(anonymous_5)
FNF:6
FNH:0
FNDA:0,(anonymous_0)
FNDA:0,(anonymous_1)
FNDA:0,(anonymous_2)
FNDA:0,(anonymous_3)
FNDA:0,(anonymous_4)
FNDA:0,(anonymous_5)
DA:8,0
DA:9,0
DA:10,0
DA:12,0
DA:14,0
DA:15,0
DA:16,0
DA:17,0
DA:21,0
DA:29,0
DA:30,0
DA:43,0
DA:50,0
DA:64,0
LF:14
LH:0
BRDA:36,0,0,0
BRDA:36,0,1,0
BRDA:37,1,0,0
BRDA:37,1,1,0
BRDA:38,2,0,0
BRDA:38,2,1,0
BRF:6
BRH:0
end_of_record
TN:
SF:src/FriendDiscoveryScreen.js
FN:11,(anonymous_0)
FN:41,(anonymous_1)
FN:57,(anonymous_2)
FN:71,(anonymous_3)
FN:81,(anonymous_4)
FN:84,(anonymous_5)
FN:94,(anonymous_6)
FN:106,FriendDiscoveryScreen
FN:119,(anonymous_8)
FN:123,(anonymous_9)
FN:127,(anonymous_10)
FNF:11
FNH:0
FNDA:0,(anonymous_0)
FNDA:0,(anonymous_1)
FNDA:0,(anonymous_2)
FNDA:0,(anonymous_3)
FNDA:0,(anonymous_4)
FNDA:0,(anonymous_5)
FNDA:0,(anonymous_6)
FNDA:0,FriendDiscoveryScreen
FNDA:0,(anonymous_8)
FNDA:0,(anonymous_9)
FNDA:0,(anonymous_10)
DA:11,0
DA:12,0
DA:41,0
DA:57,0
DA:58,0
DA:72,0
DA:81,0
DA:82,0
DA:85,0
DA:94,0
DA:95,0
DA:117,0
DA:119,0
DA:120,0
DA:123,0
DA:124,0
DA:127,0
DA:128,0
DA:129,0
DA:134,0
LF:20
LH:0
BRDA:21,0,0,0
BRDA:21,0,1,0
BRDA:26,1,0,0
BRDA:26,1,1,0
BRDA:31,2,0,0
BRDA:31,2,1,0
BRDA:38,3,0,0
BRDA:38,3,1,0
BRDA:43,4,0,0
BRDA:43,4,1,0
BRDA:129,5,0,0
BRDA:129,5,1,0
BRDA:150,6,0,0
BRDA:150,6,1,0
BRDA:163,7,0,0
BRDA:163,7,1,0
BRDA:167,8,0,0
BRDA:167,8,1,0
BRDA:168,9,0,0
BRDA:168,9,1,0
BRDA:178,10,0,0
BRDA:178,10,1,0
BRF:22
BRH:0
end_of_record
TN:
SF:src/FriendListScreen.js
FN:22,(anonymous_0)
FN:45,(anonymous_1)
FN:71,(anonymous_2)
FN:84,(anonymous_3)
FN:99,FriendListScreen
FN:110,(anonymous_5)
FN:114,(anonymous_6)
FN:121,(anonymous_7)
FN:151,(anonymous_8)
FN:179,(anonymous_9)
FNF:10
FNH:0
FNDA:0,(anonymous_0)
FNDA:0,(anonymous_1)
FNDA:0,(anonymous_2)
FNDA:0,(anonymous_3)
FNDA:0,FriendListScreen
FNDA:0,(anonymous_5)
FNDA:0,(anonymous_6)
FNDA:0,(anonymous_7)
FNDA:0,(anonymous_8)
FNDA:0,(anonymous_9)
DA:22,0
DA:23,0
DA:45,0
DA:71,0
DA:84,0
DA:85,0
DA:108,0
DA:110,0
DA:111,0
DA:114,0
DA:115,0
DA:116,0
DA:121,0
DA:123,0
DA:126,0
DA:127,0
DA:134,0
DA:135,0
DA:143,0
DA:151,0
DA:180,0
DA:196,0
LF:22
LH:0
BRDA:32,0,0,0
BRDA:32,0,1,0
BRDA:35,1,0,0
BRDA:35,1,1,0
BRDA:116,2,0,0
BRDA:116,2,1,0
BRDA:126,3,0,0
BRDA:126,3,1,0
BRDA:134,4,0,0
BRDA:134,4,1,0
BRDA:178,5,0,0
BRDA:178,5,1,0
BRF:12
BRH:0
end_of_record
TN:
SF:src/FriendRequestsScreen.js
FN:11,(anonymous_0)
FN:40,(anonymous_1)
FN:48,(anonymous_2)
FN:58,(anonymous_3)
FN:74,(anonymous_4)
FN:77,(anonymous_5)
FN:94,(anonymous_6)
FN:105,FriendRequestsScreen
FN:117,(anonymous_8)
FN:121,(anonymous_9)
FN:128,(anonymous_10)
FN:135,(anonymous_11)
FN:158,(anonymous_12)
FN:183,(anonymous_13)
FN:203,(anonymous_14)
FNF:15
FNH:0
FNDA:0,(anonymous_0)
FNDA:0,(anonymous_1)
FNDA:0,(anonymous_2)
FNDA:0,(anonymous_3)
FNDA:0,(anonymous_4)
FNDA:0,(anonymous_5)
FNDA:0,(anonymous_6)
FNDA:0,FriendRequestsScreen
FNDA:0,(anonymous_8)
FNDA:0,(anonymous_9)
FNDA:0,(anonymous_10)
FNDA:0,(anonymous_11)
FNDA:0,(anonymous_12)
FNDA:0,(anonymous_13)
FNDA:0,(anonymous_14)
DA:11,0
DA:12,0
DA:40,0
DA:48,0
DA:58,0
DA:59,0
DA:74,0
DA:75,0
DA:78,0
DA:94,0
DA:115,0
DA:117,0
DA:118,0
DA:121,0
DA:122,0
DA:123,0
DA:128,0
DA:129,0
DA:130,0
DA:135,0
DA:136,0
DA:137,0
DA:142,0
DA:143,0
DA:150,0
DA:158,0
DA:184,0
DA:203,0
LF:28
LH:0
BRDA:21,0,0,0
BRDA:21,0,1,0
BRDA:26,1,0,0
BRDA:26,1,1,0
BRDA:123,2,0,0
BRDA:123,2,1,0
BRDA:130,3,0,0
BRDA:130,3,1,0
BRDA:137,4,0,0
BRDA:137,4,1,0
BRDA:142,5,0,0
BRDA:142,5,1,0
BRDA:165,6,0,0
BRDA:165,6,1,0
BRDA:178,7,0,0
BRDA:178,7,1,0
BRDA:194,8,0,0
BRDA:194,8,1,0
BRDA:201,9,0,0
BRDA:201,9,1,0
BRDA:201,9,2,0
BRF:21
BRH:0
end_of_record
TN:
SF:src/HomeScreen.js
FN:24,(anonymous_0)
FN:42,(anonymous_1)
FN:47,(anonymous_2)
FN:58,(anonymous_3)
FN:71,(anonymous_4)
FN:87,(anonymous_5)
FN:89,(anonymous_6)
FN:93,(anonymous_7)
FN:102,(anonymous_8)
FN:103,(anonymous_9)
FN:120,(anonymous_10)
FN:193,(anonymous_11)
FN:198,(anonymous_12)
FN:225,(anonymous_13)
FN:258,(anonymous_14)
FN:263,(anonymous_15)
FN:283,handleCheckIn
FNF:17
FNH:0
FNDA:0,(anonymous_0)
FNDA:0,(anonymous_1)
FNDA:0,(anonymous_2)
FNDA:0,(anonymous_3)
FNDA:0,(anonymous_4)
FNDA:0,(anonymous_5)
FNDA:0,(anonymous_6)
FNDA:0,(anonymous_7)
FNDA:0,(anonymous_8)
FNDA:0,(anonymous_9)
FNDA:0,(anonymous_10)
FNDA:0,(anonymous_11)
FNDA:0,(anonymous_12)
FNDA:0,(anonymous_13)
FNDA:0,(anonymous_14)
FNDA:0,(anonymous_15)
FNDA:0,handleCheckIn
DA:24,0
DA:25,0
DA:26,0
DA:27,0
DA:29,0
DA:31,0
DA:33,0
DA:35,0
DA:37,0
DA:38,0
DA:39,0
DA:42,0
DA:43,0
DA:47,0
DA:48,0
DA:50,0
DA:51,0
DA:53,0
DA:58,0
DA:59,0
DA:60,0
DA:61,0
DA:62,0
DA:63,0
DA:65,0
DA:71,0
DA:79,0
DA:82,0
DA:87,0
DA:88,0
DA:90,0
DA:91,0
DA:94,0
DA:95,0
DA:102,0
DA:103,0
DA:104,0
DA:105,0
DA:106,0
DA:109,0
DA:111,0
DA:113,0
DA:114,0
DA:117,0
DA:119,0
DA:121,0
DA:127,0
DA:128,0
DA:129,0
DA:132,0
DA:133,0
DA:137,0
DA:138,0
DA:139,0
DA:141,0
DA:142,0
DA:144,0
DA:148,0
DA:149,0
DA:154,0
DA:155,0
DA:162,0
DA:163,0
DA:171,0
DA:194,0
DA:198,0
DA:226,0
DA:259,0
DA:263,0
DA:284,0
DA:285,0
DA:286,0
DA:288,0
DA:289,0
DA:296,0
DA:297,0
DA:300,0
DA:303,0
DA:304,0
DA:309,0
LF:80
LH:0
BRDA:50,0,0,0
BRDA:50,0,1,0
BRDA:61,1,0,0
BRDA:61,1,1,0
BRDA:113,2,0,0
BRDA:113,2,1,0
BRDA:113,3,0,0
BRDA:113,3,1,0
BRDA:121,4,0,0
BRDA:121,4,1,0
BRDA:121,4,2,0
BRDA:121,4,3,0
BRDA:128,5,0,0
BRDA:128,5,1,0
BRDA:132,6,0,0
BRDA:132,6,1,0
BRDA:148,7,0,0
BRDA:148,7,1,0
BRDA:154,8,0,0
BRDA:154,8,1,0
BRDA:162,9,0,0
BRDA:162,9,1,0
BRDA:207,10,0,0
BRDA:207,10,1,0
BRDA:284,11,0,0
BRDA:284,11,1,0
BRDA:296,12,0,0
BRDA:296,12,1,0
BRF:28
BRH:0
end_of_record
TN:
SF:src/LoadingScreen.js
FN:7,LoadingScreen
FNF:1
FNH:0
FNDA:0,LoadingScreen
DA:8,0
DA:28,0
LF:2
LH:0
BRF:0
BRH:0
end_of_record
TN:
SF:src/LoginScreen.js
FN:19,LoginScreen
FN:29,(anonymous_1)
FN:45,(anonymous_2)
FN:86,(anonymous_3)
FN:88,(anonymous_4)
FN:106,(anonymous_5)
FN:108,(anonymous_6)
FN:123,(anonymous_7)
FN:143,(anonymous_8)
FNF:9
FNH:0
FNDA:0,LoginScreen
FNDA:0,(anonymous_1)
FNDA:0,(anonymous_2)
FNDA:0,(anonymous_3)
FNDA:0,(anonymous_4)
FNDA:0,(anonymous_5)
FNDA:0,(anonymous_6)
FNDA:0,(anonymous_7)
FNDA:0,(anonymous_8)
DA:21,0
DA:22,0
DA:24,0
DA:26,0
DA:29,0
DA:30,0
DA:32,0
DA:33,0
DA:36,0
DA:37,0
DA:40,0
DA:41,0
DA:45,0
DA:46,0
DA:47,0
DA:48,0
DA:56,0
DA:87,0
DA:88,0
DA:107,0
DA:108,0
DA:123,0
DA:143,0
DA:155,0
LF:24
LH:0
BRDA:32,0,0,0
BRDA:32,0,1,0
BRDA:36,1,0,0
BRDA:36,1,1,0
BRDA:46,2,0,0
BRDA:46,2,1,0
BRDA:59,3,0,0
BRDA:59,3,1,0
BRDA:70,4,0,0
BRDA:70,4,1,0
BRDA:83,5,0,0
BRDA:83,5,1,0
BRDA:94,6,0,0
BRDA:94,6,1,0
BRDA:103,7,0,0
BRDA:103,7,1,0
BRDA:113,8,0,0
BRDA:113,8,1,0
BRDA:130,9,0,0
BRDA:130,9,1,0
BRF:20
BRH:0
end_of_record
TN:
SF:src/MainNavigator.js
FN:58,(anonymous_0)
FN:98,(anonymous_1)
FN:110,(anonymous_2)
FN:120,(anonymous_3)
FN:137,(anonymous_4)
FN:147,(anonymous_5)
FN:167,MainNavigator
FN:185,(anonymous_7)
FN:193,(anonymous_8)
FN:201,(anonymous_9)
FN:209,(anonymous_10)
FN:218,(anonymous_11)
FN:226,(anonymous_12)
FNF:13
FNH:1
FNDA:0,(anonymous_0)
FNDA:0,(anonymous_1)
FNDA:0,(anonymous_2)
FNDA:0,(anonymous_3)
FNDA:0,(anonymous_4)
FNDA:0,(anonymous_5)
FNDA:2,MainNavigator
FNDA:0,(anonymous_7)
FNDA:0,(anonymous_8)
FNDA:0,(anonymous_9)
FNDA:0,(anonymous_10)
FNDA:0,(anonymous_11)
FNDA:0,(anonymous_12)
DA:33,1
DA:34,1
DA:37,1
DA:58,1
DA:59,0
DA:98,1
DA:99,0
DA:110,0
DA:120,1
DA:121,0
DA:137,1
DA:138,0
DA:147,1
DA:148,0
DA:168,2
DA:185,0
DA:193,0
DA:201,0
DA:209,0
DA:218,0
DA:226,0
LF:21
LH:9
BRDA:110,0,0,0
BRDA:110,0,1,0
BRF:2
BRH:0
end_of_record
TN:
SF:src/MapScreen.js
FN:18,(anonymous_0)
FN:48,(anonymous_1)
FN:52,(anonymous_2)
FN:58,(anonymous_3)
FN:59,(anonymous_4)
FN:80,(anonymous_5)
FN:81,(anonymous_6)
FN:86,(anonymous_7)
FN:88,(anonymous_8)
FN:89,(anonymous_9)
FN:104,(anonymous_10)
FN:107,(anonymous_11)
FN:117,(anonymous_12)
FN:130,(anonymous_13)
FN:145,(anonymous_14)
FN:147,(anonymous_15)
FN:150,(anonymous_16)
FN:156,(anonymous_17)
FN:164,(anonymous_18)
FN:168,(anonymous_19)
FN:177,(anonymous_20)
FN:181,(anonymous_21)
FN:184,(anonymous_22)
FN:198,(anonymous_23)
FN:223,(anonymous_24)
FN:229,(anonymous_25)
FN:234,(anonymous_26)
FN:248,(anonymous_27)
FN:253,(anonymous_28)
FN:301,(anonymous_29)
FN:322,(anonymous_30)
FN:328,(anonymous_31)
FN:337,(anonymous_32)
FN:349,(anonymous_33)
FN:361,(anonymous_34)
FN:364,(anonymous_35)
FN:368,(anonymous_36)
FN:377,(anonymous_37)
FN:384,(anonymous_38)
FN:388,(anonymous_39)
FN:398,(anonymous_40)
FN:408,handleMeetupClick
FN:413,handleSendMeetupPing
FN:444,handleRateVenue
FN:468,handleCheckIn
FN:494,(anonymous_45)
FNF:46
FNH:0
FNDA:0,(anonymous_0)
FNDA:0,(anonymous_1)
FNDA:0,(anonymous_2)
FNDA:0,(anonymous_3)
FNDA:0,(anonymous_4)
FNDA:0,(anonymous_5)
FNDA:0,(anonymous_6)
FNDA:0,(anonymous_7)
FNDA:0,(anonymous_8)
FNDA:0,(anonymous_9)
FNDA:0,(anonymous_10)
FNDA:0,(anonymous_11)
FNDA:0,(anonymous_12)
FNDA:0,(anonymous_13)
FNDA:0,(anonymous_14)
FNDA:0,(anonymous_15)
FNDA:0,(anonymous_16)
FNDA:0,(anonymous_17)
FNDA:0,(anonymous_18)
FNDA:0,(anonymous_19)
FNDA:0,(anonymous_20)
FNDA:0,(anonymous_21)
FNDA:0,(anonymous_22)
FNDA:0,(anonymous_23)
FNDA:0,(anonymous_24)
FNDA:0,(anonymous_25)
FNDA:0,(anonymous_26)
FNDA:0,(anonymous_27)
FNDA:0,(anonymous_28)
FNDA:0,(anonymous_29)
FNDA:0,(anonymous_30)
FNDA:0,(anonymous_31)
FNDA:0,(anonymous_32)
FNDA:0,(anonymous_33)
FNDA:0,(anonymous_34)
FNDA:0,(anonymous_35)
FNDA:0,(anonymous_36)
FNDA:0,(anonymous_37)
FNDA:0,(anonymous_38)
FNDA:0,(anonymous_39)
FNDA:0,(anonymous_40)
FNDA:0,handleMeetupClick
FNDA:0,handleSendMeetupPing
FNDA:0,handleRateVenue
FNDA:0,handleCheckIn
FNDA:0,(anonymous_45)
DA:18,0
DA:19,0
DA:20,0
DA:25,0
DA:26,0
DA:27,0
DA:28,0
DA:29,0
DA:30,0
DA:31,0
DA:32,0
DA:33,0
DA:34,0
DA:35,0
DA:36,0
DA:37,0
DA:38,0
DA:39,0
DA:40,0
DA:41,0
DA:44,0
DA:46,0
DA:48,0
DA:49,0
DA:52,0
DA:53,0
DA:54,0
DA:58,0
DA:59,0
DA:60,0
DA:61,0
DA:62,0
DA:66,0
DA:67,0
DA:70,0
DA:71,0
DA:74,0
DA:77,0
DA:80,0
DA:81,0
DA:82,0
DA:83,0
DA:84,0
DA:86,0
DA:87,0
DA:88,0
DA:89,0
DA:90,0
DA:91,0
DA:94,0
DA:98,0
DA:102,0
DA:104,0
DA:107,0
DA:108,0
DA:110,0
DA:111,0
DA:113,0
DA:117,0
DA:118,0
DA:119,0
DA:120,0
DA:121,0
DA:122,0
DA:124,0
DA:130,0
DA:138,0
DA:141,0
DA:145,0
DA:146,0
DA:148,0
DA:149,0
DA:150,0
DA:157,0
DA:158,0
DA:164,0
DA:165,0
DA:168,0
DA:169,0
DA:170,0
DA:174,0
DA:177,0
DA:178,0
DA:181,0
DA:182,0
DA:183,0
DA:184,0
DA:185,0
DA:189,0
DA:198,0
DA:223,0
DA:230,0
DA:235,0
DA:236,0
DA:249,0
DA:254,0
DA:255,0
DA:257,0
DA:301,0
DA:322,0
DA:329,0
DA:330,0
DA:338,0
DA:339,0
DA:350,0
DA:361,0
DA:364,0
DA:368,0
DA:378,0
DA:385,0
DA:389,0
DA:390,0
DA:398,0
DA:409,0
DA:414,0
DA:415,0
DA:416,0
DA:418,0
DA:419,0
DA:420,0
DA:423,0
DA:424,0
DA:431,0
DA:432,0
DA:434,0
DA:436,0
DA:439,0
DA:440,0
DA:445,0
DA:446,0
DA:447,0
DA:449,0
DA:450,0
DA:451,0
DA:457,0
DA:458,0
DA:460,0
DA:463,0
DA:464,0
DA:469,0
DA:470,0
DA:471,0
DA:473,0
DA:474,0
DA:481,0
DA:482,0
DA:485,0
DA:488,0
DA:489,0
DA:494,0
LF:150
LH:0
BRDA:46,0,0,0
BRDA:46,0,1,0
BRDA:53,1,0,0
BRDA:53,1,1,0
BRDA:82,2,0,0
BRDA:82,2,1,0
BRDA:90,3,0,0
BRDA:90,3,1,0
BRDA:110,4,0,0
BRDA:110,4,1,0
BRDA:120,5,0,0
BRDA:120,5,1,0
BRDA:169,6,0,0
BRDA:169,6,1,0
BRDA:216,7,0,0
BRDA:216,7,1,0
BRDA:254,8,0,0
BRDA:254,8,1,0
BRDA:269,9,0,0
BRDA:269,9,1,0
BRDA:297,10,0,0
BRDA:297,10,1,0
BRDA:307,11,0,0
BRDA:307,11,1,0
BRDA:309,12,0,0
BRDA:309,12,1,0
BRDA:318,13,0,0
BRDA:318,13,1,0
BRDA:346,14,0,0
BRDA:346,14,1,0
BRDA:414,15,0,0
BRDA:414,15,1,0
BRDA:418,16,0,0
BRDA:418,16,1,0
BRDA:431,17,0,0
BRDA:431,17,1,0
BRDA:445,18,0,0
BRDA:445,18,1,0
BRDA:457,19,0,0
BRDA:457,19,1,0
BRDA:457,20,0,0
BRDA:457,20,1,0
BRDA:469,21,0,0
BRDA:469,21,1,0
BRDA:481,22,0,0
BRDA:481,22,1,0
BRF:46
BRH:0
end_of_record
TN:
SF:src/MeetupListScreen.js
FN:20,(anonymous_0)
FN:24,(anonymous_1)
FN:33,(anonymous_2)
FN:122,(anonymous_3)
FN:130,(anonymous_4)
FN:137,(anonymous_5)
FN:166,(anonymous_6)
FN:177,(anonymous_7)
FN:181,(anonymous_8)
FN:191,(anonymous_9)
FN:198,(anonymous_10)
FNF:11
FNH:0
FNDA:0,(anonymous_0)
FNDA:0,(anonymous_1)
FNDA:0,(anonymous_2)
FNDA:0,(anonymous_3)
FNDA:0,(anonymous_4)
FNDA:0,(anonymous_5)
FNDA:0,(anonymous_6)
FNDA:0,(anonymous_7)
FNDA:0,(anonymous_8)
FNDA:0,(anonymous_9)
FNDA:0,(anonymous_10)
DA:20,0
DA:21,0
DA:22,0
DA:24,0
DA:25,0
DA:26,0
DA:27,0
DA:29,0
DA:33,0
DA:34,0
DA:36,0
DA:45,0
DA:54,0
DA:63,0
DA:67,0
DA:122,0
DA:130,0
DA:137,0
DA:166,0
DA:174,0
DA:175,0
DA:177,0
DA:178,0
DA:179,0
DA:182,0
DA:188,0
DA:192,0
DA:198,0
DA:220,0
DA:231,0
LF:30
LH:0
BRDA:34,0,0,0
BRDA:34,0,1,0
BRDA:34,0,2,0
BRDA:34,0,3,0
BRDA:82,1,0,0
BRDA:82,1,1,0
BRDA:95,2,0,0
BRDA:95,2,1,0
BRDA:111,3,0,0
BRDA:111,3,1,0
BRDA:118,4,0,0
BRDA:118,4,1,0
BRDA:146,5,0,0
BRDA:146,5,1,0
BRDA:178,6,0,0
BRDA:178,6,1,0
BRDA:178,7,0,0
BRDA:178,7,1,0
BRF:18
BRH:0
end_of_record
TN:
SF:src/NotificationPreferencesScreen.js
FN:10,(anonymous_0)
FN:20,NotificationPreferencesScreen
FN:35,(anonymous_2)
FN:36,(anonymous_3)
FN:52,(anonymous_4)
FN:81,(anonymous_5)
FN:101,(anonymous_6)
FN:110,(anonymous_7)
FN:119,(anonymous_8)
FN:128,(anonymous_9)
FN:137,(anonymous_10)
FN:150,(anonymous_11)
FN:159,(anonymous_12)
FNF:13
FNH:0
FNDA:0,(anonymous_0)
FNDA:0,NotificationPreferencesScreen
FNDA:0,(anonymous_2)
FNDA:0,(anonymous_3)
FNDA:0,(anonymous_4)
FNDA:0,(anonymous_5)
FNDA:0,(anonymous_6)
FNDA:0,(anonymous_7)
FNDA:0,(anonymous_8)
FNDA:0,(anonymous_9)
FNDA:0,(anonymous_10)
FNDA:0,(anonymous_11)
FNDA:0,(anonymous_12)
DA:10,0
DA:11,0
DA:21,0
DA:22,0
DA:31,0
DA:32,0
DA:33,0
DA:35,0
DA:36,0
DA:37,0
DA:38,0
DA:39,0
DA:40,0
DA:42,0
DA:43,0
DA:45,0
DA:49,0
DA:52,0
DA:53,0
DA:54,0
DA:56,0
DA:57,0
DA:58,0
DA:60,0
DA:61,0
DA:63,0
DA:66,0
DA:67,0
DA:74,0
DA:81,0
DA:101,0
DA:110,0
DA:119,0
DA:128,0
DA:137,0
DA:150,0
DA:159,0
LF:37
LH:0
BRDA:58,0,0,0
BRDA:58,0,1,0
BRDA:66,1,0,0
BRDA:66,1,1,0
BRDA:89,2,0,0
BRDA:89,2,1,0
BRDA:164,3,0,0
BRDA:164,3,1,0
BRF:8
BRH:0
end_of_record
TN:
SF:src/NotificationScreen.js
FN:30,(anonymous_0)
FN:52,(anonymous_1)
FN:61,(anonymous_2)
FN:70,(anonymous_3)
FN:84,(anonymous_4)
FN:93,(anonymous_5)
FN:106,(anonymous_6)
FN:118,(anonymous_7)
FN:134,(anonymous_8)
FN:135,(anonymous_9)
FN:136,(anonymous_10)
FN:143,(anonymous_11)
FN:156,(anonymous_12)
FN:174,NotificationScreen
FN:187,(anonymous_14)
FN:192,(anonymous_15)
FN:261,(anonymous_16)
FN:285,(anonymous_17)
FNF:18
FNH:0
FNDA:0,(anonymous_0)
FNDA:0,(anonymous_1)
FNDA:0,(anonymous_2)
FNDA:0,(anonymous_3)
FNDA:0,(anonymous_4)
FNDA:0,(anonymous_5)
FNDA:0,(anonymous_6)
FNDA:0,(anonymous_7)
FNDA:0,(anonymous_8)
FNDA:0,(anonymous_9)
FNDA:0,(anonymous_10)
FNDA:0,(anonymous_11)
FNDA:0,(anonymous_12)
FNDA:0,NotificationScreen
FNDA:0,(anonymous_14)
FNDA:0,(anonymous_15)
FNDA:0,(anonymous_16)
FNDA:0,(anonymous_17)
DA:30,0
DA:31,0
DA:33,0
DA:35,0
DA:37,0
DA:39,0
DA:41,0
DA:43,0
DA:52,0
DA:53,0
DA:55,0
DA:61,0
DA:70,0
DA:78,0
DA:84,0
DA:93,0
DA:101,0
DA:106,0
DA:118,0
DA:119,0
DA:134,0
DA:135,0
DA:136,0
DA:143,0
DA:156,0
DA:157,0
DA:184,0
DA:187,0
DA:188,0
DA:192,0
DA:193,0
DA:195,0
DA:198,0
DA:199,0
DA:200,0
DA:201,0
DA:203,0
DA:205,0
DA:206,0
DA:209,0
DA:211,0
DA:212,0
DA:214,0
DA:215,0
DA:217,0
DA:218,0
DA:220,0
DA:225,0
DA:226,0
DA:234,0
DA:261,0
DA:286,0
LF:52
LH:0
BRDA:31,0,0,0
BRDA:31,0,1,0
BRDA:31,0,2,0
BRDA:31,0,3,0
BRDA:31,0,4,0
BRDA:31,0,5,0
BRDA:53,1,0,0
BRDA:53,1,1,0
BRDA:53,1,2,0
BRDA:119,2,0,0
BRDA:119,2,1,0
BRDA:195,3,0,0
BRDA:195,3,1,0
BRDA:195,3,2,0
BRDA:198,4,0,0
BRDA:198,4,1,0
BRDA:200,5,0,0
BRDA:200,5,1,0
BRDA:209,6,0,0
BRDA:209,6,1,0
BRDA:209,6,2,0
BRDA:225,7,0,0
BRDA:225,7,1,0
BRDA:241,8,0,0
BRDA:241,8,1,0
BRDA:248,9,0,0
BRDA:248,9,1,0
BRDA:270,10,0,0
BRDA:270,10,1,0
BRDA:284,11,0,0
BRDA:284,11,1,0
BRF:31
BRH:0
end_of_record
TN:
SF:src/ProfileScreen.js
FN:8,(anonymous_0)
FN:17,(anonymous_1)
FN:18,(anonymous_2)
FN:69,(anonymous_3)
FN:75,(anonymous_4)
FNF:5
FNH:2
FNDA:7,(anonymous_0)
FNDA:0,(anonymous_1)
FNDA:0,(anonymous_2)
FNDA:0,(anonymous_3)
FNDA:7,(anonymous_4)
DA:8,1
DA:9,7
DA:10,7
DA:11,0
DA:12,0
DA:13,0
DA:14,0
DA:15,0
DA:17,0
DA:18,0
DA:19,0
DA:20,0
DA:21,0
DA:22,0
DA:24,0
DA:27,0
DA:28,0
DA:30,0
DA:34,0
DA:35,0
DA:39,0
DA:40,0
DA:47,0
DA:48,0
DA:55,0
DA:56,0
DA:63,0
DA:69,0
DA:75,7
LF:29
LH:4
BRDA:21,0,0,0
BRDA:21,0,1,0
BRDA:34,1,0,0
BRDA:34,1,1,0
BRDA:39,2,0,0
BRDA:39,2,1,0
BRDA:47,3,0,0
BRDA:47,3,1,0
BRDA:55,4,0,0
BRDA:55,4,1,0
BRDA:55,5,0,0
BRDA:55,5,1,0
BRF:12
BRH:0
end_of_record
TN:
SF:src/RegisterScreen.js
FN:9,(anonymous_0)
FN:20,(anonymous_1)
FN:121,(anonymous_2)
FNF:3
FNH:0
FNDA:0,(anonymous_0)
FNDA:0,(anonymous_1)
FNDA:0,(anonymous_2)
DA:9,0
DA:10,0
DA:11,0
DA:12,0
DA:13,0
DA:14,0
DA:15,0
DA:16,0
DA:17,0
DA:18,0
DA:20,0
DA:21,0
DA:22,0
DA:23,0
DA:25,0
DA:26,0
DA:27,0
DA:30,0
DA:31,0
DA:32,0
DA:33,0
DA:34,0
DA:36,0
DA:38,0
DA:42,0
DA:139,0
LF:26
LH:0
BRDA:21,0,0,0
BRDA:21,0,1,0
BRDA:25,1,0,0
BRDA:25,1,1,0
BRDA:36,2,0,0
BRDA:36,2,1,0
BRDA:45,3,0,0
BRDA:45,3,1,0
BRDA:51,4,0,0
BRDA:51,4,1,0
BRDA:58,5,0,0
BRDA:58,5,1,0
BRDA:129,6,0,0
BRDA:129,6,1,0
BRF:14
BRH:0
end_of_record
TN:
SF:src/TermsScreen.js
FN:45,TermsScreen
FN:53,(anonymous_1)
FN:71,(anonymous_2)
FNF:3
FNH:0
FNDA:0,TermsScreen
FNDA:0,(anonymous_1)
FNDA:0,(anonymous_2)
DA:6,0
DA:46,0
DA:54,0
DA:71,0
DA:79,0
LF:5
LH:0
BRF:0
BRH:0
end_of_record
TN:
SF:src/VenueDetailScreen.js
FN:20,(anonymous_0)
FN:38,(anonymous_1)
FN:39,(anonymous_2)
FN:69,(anonymous_3)
FN:78,(anonymous_4)
FN:82,(anonymous_5)
FN:116,(anonymous_6)
FN:135,(anonymous_7)
FN:167,(anonymous_8)
FN:224,(anonymous_9)
FN:244,(anonymous_10)
FN:294,(anonymous_11)
FN:318,(anonymous_12)
FN:346,(anonymous_13)
FN:364,(anonymous_14)
FNF:15
FNH:0
FNDA:0,(anonymous_0)
FNDA:0,(anonymous_1)
FNDA:0,(anonymous_2)
FNDA:0,(anonymous_3)
FNDA:0,(anonymous_4)
FNDA:0,(anonymous_5)
FNDA:0,(anonymous_6)
FNDA:0,(anonymous_7)
FNDA:0,(anonymous_8)
FNDA:0,(anonymous_9)
FNDA:0,(anonymous_10)
FNDA:0,(anonymous_11)
FNDA:0,(anonymous_12)
FNDA:0,(anonymous_13)
FNDA:0,(anonymous_14)
DA:20,0
DA:21,0
DA:22,0
DA:23,0
DA:24,0
DA:27,0
DA:28,0
DA:29,0
DA:30,0
DA:31,0
DA:32,0
DA:33,0
DA:34,0
DA:35,0
DA:38,0
DA:39,0
DA:40,0
DA:41,0
DA:42,0
DA:44,0
DA:52,0
DA:53,0
DA:54,0
DA:55,0
DA:57,0
DA:59,0
DA:60,0
DA:62,0
DA:66,0
DA:69,0
DA:70,0
DA:71,0
DA:72,0
DA:74,0
DA:78,0
DA:82,0
DA:83,0
DA:84,0
DA:85,0
DA:87,0
DA:89,0
DA:90,0
DA:93,0
DA:94,0
DA:97,0
DA:101,0
DA:102,0
DA:103,0
DA:106,0
DA:107,0
DA:108,0
DA:111,0
DA:116,0
DA:117,0
DA:119,0
DA:120,0
DA:121,0
DA:123,0
DA:124,0
DA:125,0
DA:127,0
DA:128,0
DA:130,0
DA:135,0
DA:136,0
DA:140,0
DA:141,0
DA:149,0
DA:150,0
DA:158,0
DA:167,0
DA:224,0
DA:245,0
DA:295,0
DA:365,0
DA:433,0
LF:76
LH:0
BRDA:57,0,0,0
BRDA:57,0,1,0
BRDA:87,1,0,0
BRDA:87,1,1,0
BRDA:102,2,0,0
BRDA:102,2,1,0
BRDA:117,3,0,0
BRDA:117,3,1,0
BRDA:140,4,0,0
BRDA:140,4,1,0
BRDA:149,5,0,0
BRDA:149,5,1,0
BRDA:149,6,0,0
BRDA:149,6,1,0
BRDA:152,7,0,0
BRDA:152,7,1,0
BRDA:197,8,0,0
BRDA:197,8,1,0
BRDA:206,9,0,0
BRDA:206,9,1,0
BRDA:244,10,0,0
BRDA:244,10,1,0
BRDA:263,11,0,0
BRDA:263,11,1,0
BRDA:285,12,0,0
BRDA:285,12,1,0
BRDA:289,13,0,0
BRDA:289,13,1,0
BRDA:302,14,0,0
BRDA:302,14,1,0
BRDA:303,15,0,0
BRDA:303,15,1,0
BRDA:306,16,0,0
BRDA:306,16,1,0
BRDA:313,17,0,0
BRDA:313,17,1,0
BRDA:323,18,0,0
BRDA:323,18,1,0
BRDA:335,19,0,0
BRDA:335,19,1,0
BRDA:351,20,0,0
BRDA:351,20,1,0
BRDA:390,21,0,0
BRDA:390,21,1,0
BRDA:413,22,0,0
BRDA:413,22,1,0
BRF:46
BRH:0
end_of_record
TN:
SF:src/VenueListScreen.js
FN:39,(anonymous_0)
FN:70,(anonymous_1)
FN:80,(anonymous_2)
FN:90,(anonymous_3)
FN:131,(anonymous_4)
FN:137,(anonymous_5)
FN:193,(anonymous_6)
FN:311,(anonymous_7)
FN:328,(anonymous_8)
FN:329,(anonymous_9)
FN:348,(anonymous_10)
FN:353,(anonymous_11)
FN:358,(anonymous_12)
FN:363,(anonymous_13)
FN:372,(anonymous_14)
FN:375,(anonymous_15)
FN:378,(anonymous_16)
FN:381,(anonymous_17)
FN:517,(anonymous_18)
FN:527,(anonymous_19)
FNF:20
FNH:0
FNDA:0,(anonymous_0)
FNDA:0,(anonymous_1)
FNDA:0,(anonymous_2)
FNDA:0,(anonymous_3)
FNDA:0,(anonymous_4)
FNDA:0,(anonymous_5)
FNDA:0,(anonymous_6)
FNDA:0,(anonymous_7)
FNDA:0,(anonymous_8)
FNDA:0,(anonymous_9)
FNDA:0,(anonymous_10)
FNDA:0,(anonymous_11)
FNDA:0,(anonymous_12)
FNDA:0,(anonymous_13)
FNDA:0,(anonymous_14)
FNDA:0,(anonymous_15)
FNDA:0,(anonymous_16)
FNDA:0,(anonymous_17)
FNDA:0,(anonymous_18)
FNDA:0,(anonymous_19)
DA:39,0
DA:40,0
DA:41,0
DA:70,0
DA:71,0
DA:72,0
DA:74,0
DA:81,0
DA:91,0
DA:92,0
DA:131,0
DA:132,0
DA:133,0
DA:137,0
DA:193,0
DA:201,0
DA:202,0
DA:210,0
DA:217,0
DA:225,0
DA:311,0
DA:312,0
DA:313,0
DA:314,0
DA:315,0
DA:316,0
DA:317,0
DA:318,0
DA:320,0
DA:323,0
DA:324,0
DA:325,0
DA:328,0
DA:329,0
DA:330,0
DA:331,0
DA:332,0
DA:333,0
DA:334,0
DA:335,0
DA:336,0
DA:338,0
DA:340,0
DA:344,0
DA:348,0
DA:349,0
DA:352,0
DA:353,0
DA:357,0
DA:358,0
DA:362,0
DA:363,0
DA:364,0
DA:370,0
DA:372,0
DA:373,0
DA:375,0
DA:376,0
DA:378,0
DA:379,0
DA:381,0
DA:384,0
DA:388,0
DA:389,0
DA:397,0
DA:398,0
DA:406,0
DA:518,0
DA:527,0
DA:534,0
LF:70
LH:0
BRDA:54,0,0,0
BRDA:54,0,1,0
BRDA:58,1,0,0
BRDA:58,1,1,0
BRDA:112,2,0,0
BRDA:112,2,1,0
BRDA:146,3,0,0
BRDA:146,3,1,0
BRDA:151,4,0,0
BRDA:151,4,1,0
BRDA:157,5,0,0
BRDA:157,5,1,0
BRDA:168,6,0,0
BRDA:168,6,1,0
BRDA:173,7,0,0
BRDA:173,7,1,0
BRDA:176,8,0,0
BRDA:176,8,1,0
BRDA:333,9,0,0
BRDA:333,9,1,0
BRDA:352,10,0,0
BRDA:352,10,1,0
BRDA:357,11,0,0
BRDA:357,11,1,0
BRDA:362,12,0,0
BRDA:362,12,1,0
BRDA:364,13,0,0
BRDA:364,13,1,0
BRDA:370,14,0,0
BRDA:370,14,1,0
BRDA:370,14,2,0
BRDA:370,14,3,0
BRDA:372,15,0,0
BRDA:372,15,1,0
BRDA:372,16,0,0
BRDA:372,16,1,0
BRDA:375,17,0,0
BRDA:375,17,1,0
BRDA:375,18,0,0
BRDA:375,18,1,0
BRDA:378,19,0,0
BRDA:378,19,1,0
BRDA:378,20,0,0
BRDA:378,20,1,0
BRDA:381,21,0,0
BRDA:381,21,1,0
BRDA:381,22,0,0
BRDA:381,22,1,0
BRDA:388,23,0,0
BRDA:388,23,1,0
BRDA:397,24,0,0
BRDA:397,24,1,0
BRDA:451,25,0,0
BRDA:451,25,1,0
BRDA:451,25,2,0
BRDA:453,26,0,0
BRDA:453,26,1,0
BRDA:467,27,0,0
BRDA:467,27,1,0
BRDA:488,28,0,0
BRDA:488,28,1,0
BRDA:491,29,0,0
BRDA:491,29,1,0
BRF:63
BRH:0
end_of_record
TN:
SF:src/axiosInstance.js
FN:27,(anonymous_0)
FN:59,(anonymous_1)
FN:67,(anonymous_2)
FN:85,(anonymous_3)
FN:155,(anonymous_4)
FN:156,(anonymous_5)
FN:173,(anonymous_6)
FN:184,(anonymous_7)
FN:192,(anonymous_8)
FNF:9
FNH:0
FNDA:0,(anonymous_0)
FNDA:0,(anonymous_1)
FNDA:0,(anonymous_2)
FNDA:0,(anonymous_3)
FNDA:0,(anonymous_4)
FNDA:0,(anonymous_5)
FNDA:0,(anonymous_6)
FNDA:0,(anonymous_7)
FNDA:0,(anonymous_8)
DA:6,1
DA:11,1
DA:13,1
DA:16,1
DA:26,1
DA:28,0
DA:30,0
DA:31,0
DA:32,0
DA:36,0
DA:37,0
DA:38,0
DA:39,0
DA:44,0
DA:45,0
DA:53,0
DA:55,0
DA:56,0
DA:60,0
DA:61,0
DA:66,1
DA:69,0
DA:70,0
DA:78,0
DA:79,0
DA:80,0
DA:83,0
DA:87,0
DA:88,0
DA:97,0
DA:98,0
DA:105,0
DA:107,0
DA:114,0
DA:116,0
DA:121,0
DA:126,0
DA:132,0
DA:140,0
DA:145,0
DA:154,1
DA:155,0
DA:157,0
DA:160,0
DA:161,0
DA:165,0
DA:166,0
DA:168,0
DA:170,0
DA:173,0
DA:176,0
DA:179,0
DA:184,1
DA:185,0
DA:186,0
DA:188,0
DA:192,1
DA:193,0
LF:58
LH:9
BRDA:6,0,0,1
BRDA:6,0,1,0
BRDA:13,1,0,1
BRDA:13,1,1,0
BRDA:31,2,0,0
BRDA:31,2,1,0
BRDA:36,3,0,0
BRDA:36,3,1,0
BRDA:38,4,0,0
BRDA:38,4,1,0
BRDA:44,5,0,0
BRDA:44,5,1,0
BRDA:69,6,0,0
BRDA:69,6,1,0
BRDA:79,7,0,0
BRDA:79,7,1,0
BRDA:87,8,0,0
BRDA:87,8,1,0
BRDA:97,9,0,0
BRDA:97,9,1,0
BRDA:105,10,0,0
BRDA:105,10,1,0
BRDA:105,10,2,0
BRDA:105,10,3,0
BRDA:105,10,4,0
BRDA:105,10,5,0
BRDA:105,10,6,0
BRDA:105,10,7,0
BRDA:105,10,8,0
BRDA:105,10,9,0
BRDA:105,10,10,0
BRDA:160,11,0,0
BRDA:160,11,1,0
BRDA:160,12,0,0
BRDA:160,12,1,0
BRDA:160,12,2,0
BRDA:166,13,0,0
BRDA:166,13,1,0
BRDA:168,14,0,0
BRDA:168,14,1,0
BRDA:185,15,0,0
BRDA:185,15,1,0
BRF:42
BRH:2
end_of_record
TN:
SF:src/constants.js
FNF:0
FNH:0
LF:0
LH:0
BRF:0
BRH:0
end_of_record
TN:
SF:src/components/Animated.js
FN:4,(anonymous_0)
FN:7,(anonymous_1)
FN:24,(anonymous_2)
FN:38,(anonymous_3)
FN:79,(anonymous_4)
FN:89,(anonymous_5)
FN:123,(anonymous_6)
FN:124,(anonymous_7)
FNF:8
FNH:0
FNDA:0,(anonymous_0)
FNDA:0,(anonymous_1)
FNDA:0,(anonymous_2)
FNDA:0,(anonymous_3)
FNDA:0,(anonymous_4)
FNDA:0,(anonymous_5)
FNDA:0,(anonymous_6)
FNDA:0,(anonymous_7)
DA:4,0
DA:5,0
DA:7,0
DA:8,0
DA:17,0
DA:24,0
DA:32,0
DA:33,0
DA:36,0
DA:38,0
DA:39,0
DA:64,0
DA:79,0
DA:86,0
DA:87,0
DA:89,0
DA:90,0
DA:108,0
DA:123,0
DA:124,0
DA:125,0
DA:127,0
LF:22
LH:0
BRDA:4,0,0,0
BRDA:4,1,0,0
BRDA:26,2,0,0
BRDA:27,3,0,0
BRDA:28,4,0,0
BRDA:29,5,0,0
BRDA:32,6,0,0
BRDA:32,6,1,0
BRDA:34,7,0,0
BRDA:34,7,1,0
BRDA:34,8,0,0
BRDA:34,8,1,0
BRDA:81,9,0,0
BRDA:82,10,0,0
BRDA:83,11,0,0
BRDA:123,12,0,0
BRDA:125,13,0,0
BRDA:125,13,1,0
BRF:18
BRH:0
end_of_record
TN:
SF:src/components/ErrorBoundary.js
FN:8,(anonymous_0)
FN:13,(anonymous_1)
FN:17,(anonymous_2)
FN:22,(anonymous_3)
FN:31,(anonymous_4)
FN:84,(anonymous_5)
FN:85,(anonymous_6)
FN:92,(anonymous_7)
FNF:8
FNH:0
FNDA:0,(anonymous_0)
FNDA:0,(anonymous_1)
FNDA:0,(anonymous_2)
FNDA:0,(anonymous_3)
FNDA:0,(anonymous_4)
FNDA:0,(anonymous_5)
FNDA:0,(anonymous_6)
FNDA:0,(anonymous_7)
DA:9,0
DA:10,0
DA:14,0
DA:19,0
DA:23,0
DA:24,0
DA:27,0
DA:31,0
DA:32,0
DA:34,0
DA:84,0
DA:85,0
DA:86,0
DA:92,0
DA:93,0
DA:96,0
LF:16
LH:0
BRDA:23,0,0,0
BRDA:23,0,1,0
BRDA:66,1,0,0
BRDA:66,1,1,0
BRF:4
BRH:0
end_of_record
TN:
SF:src/components/MeetupPingDialog.js
FN:6,(anonymous_0)
FN:12,(anonymous_1)
FN:77,(anonymous_2)
FNF:3
FNH:2
FNDA:12,(anonymous_0)
FNDA:0,(anonymous_1)
FNDA:12,(anonymous_2)
DA:6,1
DA:7,12
DA:8,12
DA:10,12
DA:12,0
DA:13,0
DA:14,0
DA:15,0
DA:19,0
DA:20,0
DA:21,0
DA:24,0
DA:77,12
LF:13
LH:5
BRDA:13,0,0,0
BRDA:13,0,1,0
BRF:2
BRH:0
end_of_record
TN:
SF:src/components/RatingDialog.js
FN:7,(anonymous_0)
FN:21,(anonymous_1)
FN:22,(anonymous_2)
FN:24,(anonymous_3)
FN:28,(anonymous_4)
FN:65,(anonymous_5)
FN:68,(anonymous_6)
FNF:7
FNH:0
FNDA:0,(anonymous_0)
FNDA:0,(anonymous_1)
FNDA:0,(anonymous_2)
FNDA:0,(anonymous_3)
FNDA:0,(anonymous_4)
FNDA:0,(anonymous_5)
FNDA:0,(anonymous_6)
DA:7,0
DA:16,0
DA:17,0
DA:18,0
DA:19,0
DA:21,0
DA:22,0
DA:24,0
DA:25,0
DA:28,0
DA:29,0
DA:33,0
DA:34,0
DA:38,0
DA:40,0
DA:66,0
DA:68,0
DA:125,0
LF:18
LH:0
BRDA:12,0,0,0
BRDA:13,1,0,0
BRDA:33,2,0,0
BRDA:33,2,1,0
BRDA:38,3,0,0
BRDA:38,3,1,0
BRDA:44,4,0,0
BRDA:44,4,1,0
BRDA:49,5,0,0
BRDA:49,5,1,0
BRDA:75,6,0,0
BRDA:75,6,1,0
BRDA:92,7,0,0
BRDA:92,7,1,0
BRDA:106,8,0,0
BRDA:106,8,1,0
BRDA:111,9,0,0
BRDA:111,9,1,0
BRF:18
BRH:0
end_of_record
TN:
SF:src/components/Skeleton.js
FN:5,(anonymous_0)
FN:9,(anonymous_1)
FN:47,(anonymous_2)
FN:66,(anonymous_3)
FN:86,(anonymous_4)
FNF:5
FNH:0
FNDA:0,(anonymous_0)
FNDA:0,(anonymous_1)
FNDA:0,(anonymous_2)
FNDA:0,(anonymous_3)
FNDA:0,(anonymous_4)
DA:5,0
DA:6,0
DA:7,0
DA:9,0
DA:10,0
DA:26,0
DA:31,0
DA:47,0
DA:48,0
DA:66,0
DA:67,0
DA:86,0
DA:87,0
DA:102,0
LF:14
LH:0
BRF:0
BRH:0
end_of_record
TN:
SF:src/components/ui/Button.js
FN:4,(anonymous_0)
FNF:1
FNH:0
FNDA:0,(anonymous_0)
DA:4,0
DA:5,0
DA:10,0
LF:3
LH:0
BRF:0
BRH:0
end_of_record
TN:
SF:src/context/ThemeContext.js
FN:16,(anonymous_0)
FN:21,(anonymous_1)
FN:26,(anonymous_2)
FN:30,(anonymous_3)
FN:36,(anonymous_4)
FN:52,(anonymous_5)
FN:114,(anonymous_6)
FNF:7
FNH:2
FNDA:0,(anonymous_0)
FNDA:8,(anonymous_1)
FNDA:0,(anonymous_2)
FNDA:0,(anonymous_3)
FNDA:0,(anonymous_4)
FNDA:0,(anonymous_5)
FNDA:30,(anonymous_6)
DA:5,3
DA:19,3
DA:21,3
DA:22,8
DA:23,8
DA:24,8
DA:26,8
DA:27,0
DA:30,8
DA:31,0
DA:32,0
DA:36,8
DA:37,0
DA:38,0
DA:39,0
DA:40,0
DA:41,0
DA:48,0
DA:52,8
DA:53,0
DA:54,0
DA:55,0
DA:56,0
DA:62,0
DA:66,8
DA:100,8
DA:114,3
DA:115,30
DA:116,28
DA:117,0
DA:119,28
LF:31
LH:16
BRDA:31,0,0,0
BRDA:31,0,1,0
BRDA:39,1,0,0
BRDA:39,1,1,0
BRDA:42,2,0,0
BRDA:42,2,1,0
BRDA:57,3,0,0
BRDA:57,3,1,0
BRDA:68,4,0,0
BRDA:68,4,1,8
BRDA:69,5,0,0
BRDA:69,5,1,8
BRDA:70,6,0,0
BRDA:70,6,1,8
BRDA:73,7,0,0
BRDA:73,7,1,8
BRDA:74,8,0,0
BRDA:74,8,1,8
BRDA:75,9,0,0
BRDA:75,9,1,8
BRDA:78,10,0,0
BRDA:78,10,1,8
BRDA:79,11,0,0
BRDA:79,11,1,8
BRDA:87,12,0,0
BRDA:87,12,1,8
BRDA:88,13,0,0
BRDA:88,13,1,8
BRDA:89,14,0,0
BRDA:89,14,1,8
BRDA:90,15,0,0
BRDA:90,15,1,8
BRDA:93,16,0,0
BRDA:93,16,1,8
BRDA:96,17,0,0
BRDA:96,17,1,8
BRDA:97,18,0,0
BRDA:97,18,1,8
BRDA:116,19,0,0
BRDA:116,19,1,28
BRF:40
BRH:16
end_of_record
TN:
SF:src/hooks/useFriendActivity.js
FN:4,useFriendActivity
FN:9,(anonymous_1)
FN:24,(anonymous_2)
FN:29,(anonymous_3)
FN:31,(anonymous_4)
FN:34,(anonymous_5)
FN:38,(anonymous_6)
FN:39,(anonymous_7)
FN:50,(anonymous_8)
FN:56,(anonymous_9)
FN:57,(anonymous_10)
FNF:11
FNH:0
FNDA:0,useFriendActivity
FNDA:0,(anonymous_1)
FNDA:0,(anonymous_2)
FNDA:0,(anonymous_3)
FNDA:0,(anonymous_4)
FNDA:0,(anonymous_5)
FNDA:0,(anonymous_6)
FNDA:0,(anonymous_7)
FNDA:0,(anonymous_8)
FNDA:0,(anonymous_9)
FNDA:0,(anonymous_10)
DA:5,0
DA:6,0
DA:7,0
DA:9,0
DA:10,0
DA:11,0
DA:12,0
DA:13,0
DA:14,0
DA:16,0
DA:17,0
DA:19,0
DA:24,0
DA:25,0
DA:29,0
DA:30,0
DA:31,0
DA:34,0
DA:35,0
DA:36,0
DA:38,0
DA:39,0
DA:40,0
DA:46,0
DA:50,0
DA:51,0
DA:52,0
DA:56,0
DA:57,0
DA:58,0
DA:67,0
DA:69,0
DA:70,0
DA:74,0
LF:34
LH:0
BRDA:40,0,0,0
BRDA:40,0,1,0
BRDA:58,1,0,0
BRDA:58,1,1,0
BRF:4
BRH:0
end_of_record
TN:
SF:src/hooks/useFriendDiscovery.js
FN:4,(anonymous_0)
FN:11,(anonymous_1)
FN:25,(anonymous_2)
FN:46,(anonymous_3)
FN:50,(anonymous_4)
FN:53,(anonymous_5)
FN:54,(anonymous_6)
FN:65,(anonymous_7)
FNF:8
FNH:0
FNDA:0,(anonymous_0)
FNDA:0,(anonymous_1)
FNDA:0,(anonymous_2)
FNDA:0,(anonymous_3)
FNDA:0,(anonymous_4)
FNDA:0,(anonymous_5)
FNDA:0,(anonymous_6)
FNDA:0,(anonymous_7)
DA:4,0
DA:5,0
DA:6,0
DA:7,0
DA:8,0
DA:9,0
DA:11,0
DA:12,0
DA:13,0
DA:14,0
DA:15,0
DA:16,0
DA:18,0
DA:19,0
DA:21,0
DA:25,0
DA:26,0
DA:27,0
DA:28,0
DA:29,0
DA:30,0
DA:33,0
DA:34,0
DA:36,0
DA:37,0
DA:39,0
DA:40,0
DA:42,0
DA:46,0
DA:47,0
DA:48,0
DA:50,0
DA:51,0
DA:53,0
DA:54,0
DA:55,0
DA:58,0
DA:60,0
DA:61,0
DA:65,0
DA:66,0
DA:67,0
DA:68,0
DA:69,0
DA:71,0
DA:72,0
DA:76,0
LF:47
LH:0
BRDA:28,0,0,0
BRDA:28,0,1,0
BRDA:51,1,0,0
BRDA:51,1,1,0
BRDA:55,2,0,0
BRDA:55,2,1,0
BRF:6
BRH:0
end_of_record
TN:
SF:src/hooks/useFriendRequests.js
FN:4,(anonymous_0)
FN:9,(anonymous_1)
FN:23,(anonymous_2)
FN:26,(anonymous_3)
FN:34,(anonymous_4)
FN:37,(anonymous_5)
FN:45,(anonymous_6)
FNF:7
FNH:0
FNDA:0,(anonymous_0)
FNDA:0,(anonymous_1)
FNDA:0,(anonymous_2)
FNDA:0,(anonymous_3)
FNDA:0,(anonymous_4)
FNDA:0,(anonymous_5)
FNDA:0,(anonymous_6)
DA:4,0
DA:5,0
DA:6,0
DA:7,0
DA:9,0
DA:10,0
DA:11,0
DA:12,0
DA:13,0
DA:14,0
DA:16,0
DA:17,0
DA:19,0
DA:23,0
DA:24,0
DA:25,0
DA:26,0
DA:27,0
DA:29,0
DA:30,0
DA:34,0
DA:35,0
DA:36,0
DA:37,0
DA:38,0
DA:40,0
DA:41,0
DA:45,0
DA:46,0
DA:47,0
DA:48,0
DA:50,0
DA:51,0
DA:55,0
LF:34
LH:0
BRF:0
BRH:0
end_of_record
TN:
SF:src/hooks/useFriends.js
FN:4,(anonymous_0)
FN:10,(anonymous_1)
FN:24,(anonymous_2)
FN:27,(anonymous_3)
FN:35,(anonymous_4)
FN:45,(anonymous_5)
FN:49,(anonymous_6)
FNF:7
FNH:0
FNDA:0,(anonymous_0)
FNDA:0,(anonymous_1)
FNDA:0,(anonymous_2)
FNDA:0,(anonymous_3)
FNDA:0,(anonymous_4)
FNDA:0,(anonymous_5)
FNDA:0,(anonymous_6)
DA:4,0
DA:5,0
DA:6,0
DA:7,0
DA:8,0
DA:10,0
DA:11,0
DA:12,0
DA:13,0
DA:14,0
DA:15,0
DA:17,0
DA:18,0
DA:20,0
DA:24,0
DA:25,0
DA:26,0
DA:27,0
DA:28,0
DA:30,0
DA:31,0
DA:35,0
DA:36,0
DA:37,0
DA:38,0
DA:40,0
DA:41,0
DA:45,0
DA:46,0
DA:49,0
DA:50,0
DA:54,0
LF:32
LH:0
BRDA:50,0,0,0
BRDA:50,0,1,0
BRF:2
BRH:0
end_of_record
TN:
SF:src/hooks/useMapData.js
FN:8,(anonymous_0)
FN:23,(anonymous_1)
FN:31,(anonymous_2)
FN:49,(anonymous_3)
FN:50,(anonymous_4)
FN:52,(anonymous_5)
FN:61,(anonymous_6)
FN:80,(anonymous_7)
FN:83,(anonymous_8)
FN:87,(anonymous_9)
FN:91,(anonymous_10)
FN:98,(anonymous_11)
FN:99,(anonymous_12)
FN:121,(anonymous_13)
FNF:14
FNH:11
FNDA:43,(anonymous_0)
FNDA:7,(anonymous_1)
FNDA:0,(anonymous_2)
FNDA:7,(anonymous_3)
FNDA:7,(anonymous_4)
FNDA:7,(anonymous_5)
FNDA:6,(anonymous_6)
FNDA:7,(anonymous_7)
FNDA:1,(anonymous_8)
FNDA:7,(anonymous_9)
FNDA:19,(anonymous_10)
FNDA:7,(anonymous_11)
FNDA:0,(anonymous_12)
FNDA:0,(anonymous_13)
DA:8,1
DA:9,43
DA:14,43
DA:15,43
DA:16,43
DA:17,43
DA:18,43
DA:19,43
DA:20,43
DA:23,43
DA:24,7
DA:25,7
DA:31,6
DA:32,0
DA:33,0
DA:36,0
DA:39,6
DA:40,6
DA:41,6
DA:43,1
DA:44,1
DA:49,43
DA:50,7
DA:51,7
DA:52,7
DA:53,7
DA:54,0
DA:55,0
DA:57,7
DA:60,6
DA:61,6
DA:67,6
DA:69,1
DA:70,1
DA:72,7
DA:76,7
DA:80,43
DA:81,7
DA:83,7
DA:84,1
DA:87,7
DA:91,43
DA:92,19
DA:98,43
DA:99,7
DA:100,0
DA:101,0
DA:103,0
DA:105,7
DA:108,43
DA:121,0
LF:51
LH:42
BRDA:32,0,0,0
BRDA:32,0,1,0
BRDA:33,1,0,0
BRDA:33,1,1,0
BRDA:33,2,0,0
BRDA:33,2,1,0
BRDA:53,3,0,0
BRDA:53,3,1,7
BRDA:81,4,0,0
BRDA:81,4,1,7
BRDA:81,5,0,7
BRDA:81,5,1,7
BRDA:92,6,0,19
BRDA:92,6,1,2
BRDA:92,6,2,1
BRDA:92,6,3,1
BRDA:100,7,0,0
BRDA:100,7,1,0
BRDA:101,8,0,0
BRDA:101,8,1,0
BRDA:101,9,0,0
BRDA:101,9,1,0
BRF:22
BRH:8
end_of_record
TN:
SF:src/hooks/useMeetupPings.js
FN:4,useMeetupPings
FN:9,(anonymous_1)
FN:24,(anonymous_2)
FN:29,(anonymous_3)
FN:31,(anonymous_4)
FN:34,(anonymous_5)
FN:41,(anonymous_6)
FN:49,(anonymous_7)
FN:55,(anonymous_8)
FN:56,(anonymous_9)
FN:67,(anonymous_10)
FN:71,(anonymous_11)
FN:71,(anonymous_12)
FNF:13
FNH:0
FNDA:0,useMeetupPings
FNDA:0,(anonymous_1)
FNDA:0,(anonymous_2)
FNDA:0,(anonymous_3)
FNDA:0,(anonymous_4)
FNDA:0,(anonymous_5)
FNDA:0,(anonymous_6)
FNDA:0,(anonymous_7)
FNDA:0,(anonymous_8)
FNDA:0,(anonymous_9)
FNDA:0,(anonymous_10)
FNDA:0,(anonymous_11)
FNDA:0,(anonymous_12)
DA:5,0
DA:6,0
DA:7,0
DA:9,0
DA:10,0
DA:11,0
DA:12,0
DA:13,0
DA:14,0
DA:16,0
DA:17,0
DA:19,0
DA:24,0
DA:25,0
DA:29,0
DA:30,0
DA:31,0
DA:34,0
DA:35,0
DA:36,0
DA:41,0
DA:42,0
DA:44,0
DA:45,0
DA:49,0
DA:50,0
DA:51,0
DA:55,0
DA:56,0
DA:57,0
DA:60,0
DA:62,0
DA:63,0
DA:67,0
DA:68,0
DA:69,0
DA:71,0
DA:73,0
DA:74,0
DA:78,0
LF:40
LH:0
BRDA:57,0,0,0
BRDA:57,0,1,0
BRF:2
BRH:0
end_of_record
TN:
SF:src/hooks/useNotifications.js
FN:12,(anonymous_0)
FN:18,(anonymous_1)
FN:24,(anonymous_2)
FN:33,(anonymous_3)
FN:36,(anonymous_4)
FN:39,(anonymous_5)
FN:45,(anonymous_6)
FN:48,(anonymous_7)
FN:55,(anonymous_8)
FN:58,(anonymous_9)
FN:59,(anonymous_10)
FN:60,(anonymous_11)
FN:67,(anonymous_12)
FN:77,(anonymous_13)
FNF:14
FNH:0
FNDA:0,(anonymous_0)
FNDA:0,(anonymous_1)
FNDA:0,(anonymous_2)
FNDA:0,(anonymous_3)
FNDA:0,(anonymous_4)
FNDA:0,(anonymous_5)
FNDA:0,(anonymous_6)
FNDA:0,(anonymous_7)
FNDA:0,(anonymous_8)
FNDA:0,(anonymous_9)
FNDA:0,(anonymous_10)
FNDA:0,(anonymous_11)
FNDA:0,(anonymous_12)
FNDA:0,(anonymous_13)
DA:4,0
DA:12,0
DA:13,0
DA:14,0
DA:15,0
DA:16,0
DA:18,0
DA:19,0
DA:20,0
DA:21,0
DA:22,0
DA:23,0
DA:24,0
DA:26,0
DA:27,0
DA:29,0
DA:33,0
DA:34,0
DA:35,0
DA:36,0
DA:37,0
DA:39,0
DA:41,0
DA:45,0
DA:46,0
DA:47,0
DA:48,0
DA:49,0
DA:51,0
DA:55,0
DA:56,0
DA:57,0
DA:58,0
DA:59,0
DA:60,0
DA:63,0
DA:67,0
DA:68,0
DA:69,0
DA:70,0
DA:71,0
DA:73,0
DA:77,0
DA:78,0
DA:79,0
DA:80,0
DA:82,0
DA:83,0
DA:87,0
LF:49
LH:0
BRDA:37,0,0,0
BRDA:37,0,1,0
BRDA:59,1,0,0
BRDA:59,1,1,0
BRF:4
BRH:0
end_of_record
TN:
SF:src/hooks/useVenueRating.js
FN:9,(anonymous_0)
FN:14,(anonymous_1)
FN:18,(anonymous_2)
FN:29,(anonymous_3)
FN:55,(anonymous_4)
FN:80,(anonymous_5)
FNF:6
FNH:6
FNDA:23,(anonymous_0)
FNDA:4,(anonymous_1)
FNDA:1,(anonymous_2)
FNDA:2,(anonymous_3)
FNDA:1,(anonymous_4)
FNDA:1,(anonymous_5)
DA:9,1
DA:10,23
DA:11,23
DA:12,23
DA:14,23
DA:15,4
DA:18,23
DA:19,1
DA:20,1
DA:29,23
DA:30,2
DA:31,2
DA:32,2
DA:34,2
DA:40,1
DA:41,1
DA:43,1
DA:44,1
DA:46,2
DA:55,23
DA:56,1
DA:57,1
DA:58,1
DA:60,1
DA:66,1
DA:67,1
DA:69,0
DA:70,0
DA:72,1
DA:80,23
DA:81,1
DA:82,1
DA:83,1
DA:85,1
DA:87,1
DA:89,0
DA:90,0
DA:92,1
DA:96,23
LF:39
LH:35
BRF:0
BRH:0
end_of_record
